{"/home/travis/build/npmtest/node-npmtest-modernizr/test.js":{"path":"/home/travis/build/npmtest/node-npmtest-modernizr/test.js","s":{"1":2,"2":2,"3":2,"4":2,"5":2,"6":2,"7":2,"8":1,"9":2,"10":2,"11":1,"12":1,"13":1,"14":1,"15":2,"16":2,"17":2,"18":2,"19":1,"20":1,"21":2,"22":2,"23":2,"24":1,"25":1,"26":1,"27":1,"28":1,"29":1,"30":1,"31":1,"32":1,"33":1,"34":1,"35":1,"36":1,"37":1,"38":1,"39":2,"40":2,"41":1,"42":2,"43":2,"44":1,"45":2,"46":2,"47":1,"48":2,"49":2,"50":1,"51":1,"52":1,"53":1,"54":1},"b":{"1":[2,1,1,1],"2":[1,1,1,1],"3":[1,1],"4":[1,1],"5":[1,1],"6":[1,1],"7":[1,1],"8":[1,1],"9":[1,1],"10":[1,1,1],"11":[1,1],"12":[1,1],"13":[1,1],"14":[1,1],"15":[1,1],"16":[1,1],"17":[1,1]},"f":{"1":2,"2":2,"3":2,"4":2,"5":2,"6":1,"7":1,"8":1,"9":2,"10":2,"11":2,"12":2,"13":1},"fnMap":{"1":{"name":"(anonymous_1)","line":12,"loc":{"start":{"line":12,"column":1},"end":{"line":12,"column":13}}},"2":{"name":"(anonymous_2)","line":19,"loc":{"start":{"line":19,"column":5},"end":{"line":19,"column":17}}},"3":{"name":"(anonymous_3)","line":23,"loc":{"start":{"line":23,"column":24},"end":{"line":23,"column":36}}},"4":{"name":"(anonymous_4)","line":61,"loc":{"start":{"line":61,"column":5},"end":{"line":61,"column":17}}},"5":{"name":"(anonymous_5)","line":82,"loc":{"start":{"line":82,"column":5},"end":{"line":82,"column":17}}},"6":{"name":"(anonymous_6)","line":91,"loc":{"start":{"line":91,"column":77},"end":{"line":94,"column":10}}},"7":{"name":"(anonymous_7)","line":112,"loc":{"start":{"line":112,"column":83},"end":{"line":115,"column":10}},"skip":true},"8":{"name":"(anonymous_8)","line":123,"loc":{"start":{"line":123,"column":77},"end":{"line":126,"column":10}},"skip":true},"9":{"name":"(anonymous_9)","line":139,"loc":{"start":{"line":139,"column":12},"end":{"line":139,"column":40}},"skip":true},"10":{"name":"(anonymous_10)","line":147,"loc":{"start":{"line":147,"column":77},"end":{"line":150,"column":10}},"skip":true},"11":{"name":"(anonymous_11)","line":158,"loc":{"start":{"line":158,"column":83},"end":{"line":161,"column":10}},"skip":true},"12":{"name":"(anonymous_12)","line":169,"loc":{"start":{"line":169,"column":79},"end":{"line":172,"column":10}},"skip":true},"13":{"name":"(anonymous_13)","line":180,"loc":{"start":{"line":180,"column":75},"end":{"line":183,"column":10}},"skip":true}},"statementMap":{"1":{"start":{"line":12,"column":0},"end":{"line":195,"column":5}},"2":{"start":{"line":14,"column":4},"end":{"line":14,"column":14}},"3":{"start":{"line":19,"column":4},"end":{"line":56,"column":9}},"4":{"start":{"line":21,"column":8},"end":{"line":21,"column":19}},"5":{"start":{"line":23,"column":8},"end":{"line":35,"column":13}},"6":{"start":{"line":24,"column":12},"end":{"line":34,"column":13}},"7":{"start":{"line":25,"column":16},"end":{"line":28,"column":30}},"8":{"start":{"line":30,"column":16},"end":{"line":33,"column":27}},"9":{"start":{"line":37,"column":8},"end":{"line":39,"column":21}},"10":{"start":{"line":40,"column":8},"end":{"line":53,"column":9}},"11":{"start":{"line":43,"column":12},"end":{"line":46,"column":14}},"12":{"start":{"line":47,"column":12},"end":{"line":47,"column":18}},"13":{"start":{"line":50,"column":12},"end":{"line":51,"column":33}},"14":{"start":{"line":52,"column":12},"end":{"line":52,"column":18}},"15":{"start":{"line":55,"column":8},"end":{"line":55,"column":35}},"16":{"start":{"line":61,"column":4},"end":{"line":63,"column":9}},"17":{"start":{"line":62,"column":8},"end":{"line":62,"column":15}},"18":{"start":{"line":64,"column":4},"end":{"line":77,"column":5}},"19":{"start":{"line":70,"column":8},"end":{"line":70,"column":14}},"20":{"start":{"line":76,"column":8},"end":{"line":76,"column":14}},"21":{"start":{"line":82,"column":4},"end":{"line":84,"column":9}},"22":{"start":{"line":83,"column":8},"end":{"line":83,"column":15}},"23":{"start":{"line":85,"column":4},"end":{"line":194,"column":5}},"24":{"start":{"line":91,"column":8},"end":{"line":99,"column":10}},"25":{"start":{"line":98,"column":12},"end":{"line":98,"column":35}},"26":{"start":{"line":102,"column":8},"end":{"line":104,"column":63}},"27":{"start":{"line":105,"column":8},"end":{"line":105,"column":14}},"28":{"start":{"line":112,"column":8},"end":{"line":121,"column":10},"skip":true},"29":{"start":{"line":119,"column":12},"end":{"line":119,"column":55},"skip":true},"30":{"start":{"line":120,"column":12},"end":{"line":120,"column":48},"skip":true},"31":{"start":{"line":123,"column":8},"end":{"line":136,"column":10},"skip":true},"32":{"start":{"line":130,"column":12},"end":{"line":130,"column":76},"skip":true},"33":{"start":{"line":131,"column":12},"end":{"line":131,"column":73},"skip":true},"34":{"start":{"line":132,"column":12},"end":{"line":132,"column":74},"skip":true},"35":{"start":{"line":133,"column":12},"end":{"line":133,"column":79},"skip":true},"36":{"start":{"line":134,"column":12},"end":{"line":134,"column":25},"skip":true},"37":{"start":{"line":135,"column":12},"end":{"line":135,"column":45},"skip":true},"38":{"start":{"line":138,"column":8},"end":{"line":145,"column":14},"skip":true},"39":{"start":{"line":143,"column":16},"end":{"line":143,"column":29},"skip":true},"40":{"start":{"line":144,"column":16},"end":{"line":144,"column":55},"skip":true},"41":{"start":{"line":147,"column":8},"end":{"line":156,"column":10},"skip":true},"42":{"start":{"line":154,"column":12},"end":{"line":154,"column":25},"skip":true},"43":{"start":{"line":155,"column":12},"end":{"line":155,"column":45},"skip":true},"44":{"start":{"line":158,"column":8},"end":{"line":167,"column":10},"skip":true},"45":{"start":{"line":165,"column":12},"end":{"line":165,"column":25},"skip":true},"46":{"start":{"line":166,"column":12},"end":{"line":166,"column":48},"skip":true},"47":{"start":{"line":169,"column":8},"end":{"line":178,"column":10},"skip":true},"48":{"start":{"line":176,"column":12},"end":{"line":176,"column":25},"skip":true},"49":{"start":{"line":177,"column":12},"end":{"line":177,"column":46},"skip":true},"50":{"start":{"line":180,"column":8},"end":{"line":189,"column":10},"skip":true},"51":{"start":{"line":187,"column":12},"end":{"line":187,"column":94},"skip":true},"52":{"start":{"line":188,"column":12},"end":{"line":188,"column":48},"skip":true},"53":{"start":{"line":192,"column":8},"end":{"line":192,"column":35},"skip":true},"54":{"start":{"line":193,"column":8},"end":{"line":193,"column":14},"skip":true}},"branchMap":{"1":{"line":25,"type":"binary-expr","locations":[{"start":{"line":25,"column":23},"end":{"line":25,"column":62}},{"start":{"line":26,"column":20},"end":{"line":26,"column":70}},{"start":{"line":27,"column":20},"end":{"line":27,"column":71}},{"start":{"line":28,"column":20},"end":{"line":28,"column":29}}]},"2":{"line":30,"type":"binary-expr","locations":[{"start":{"line":30,"column":23},"end":{"line":30,"column":37}},{"start":{"line":31,"column":20},"end":{"line":31,"column":61}},{"start":{"line":32,"column":20},"end":{"line":32,"column":70}},{"start":{"line":33,"column":20},"end":{"line":33,"column":26}}]},"3":{"line":37,"type":"cond-expr","locations":[{"start":{"line":38,"column":14},"end":{"line":38,"column":20}},{"start":{"line":39,"column":14},"end":{"line":39,"column":20}}]},"4":{"line":40,"type":"switch","locations":[{"start":{"line":42,"column":8},"end":{"line":47,"column":18}},{"start":{"line":49,"column":8},"end":{"line":52,"column":18}}]},"5":{"line":44,"type":"binary-expr","locations":[{"start":{"line":44,"column":16},"end":{"line":44,"column":44}},{"start":{"line":44,"column":48},"end":{"line":44,"column":66}}]},"6":{"line":50,"type":"binary-expr","locations":[{"start":{"line":50,"column":21},"end":{"line":50,"column":49}},{"start":{"line":50,"column":53},"end":{"line":50,"column":72}}]},"7":{"line":64,"type":"switch","locations":[{"start":{"line":69,"column":4},"end":{"line":70,"column":14}},{"start":{"line":75,"column":4},"end":{"line":76,"column":14}}]},"8":{"line":85,"type":"switch","locations":[{"start":{"line":90,"column":4},"end":{"line":105,"column":14}},{"start":{"line":111,"column":4},"end":{"line":193,"column":14},"skip":true}]},"9":{"line":91,"type":"binary-expr","locations":[{"start":{"line":91,"column":42},"end":{"line":91,"column":73}},{"start":{"line":91,"column":77},"end":{"line":99,"column":9}}]},"10":{"line":102,"type":"binary-expr","locations":[{"start":{"line":102,"column":18},"end":{"line":102,"column":32}},{"start":{"line":103,"column":12},"end":{"line":103,"column":53}},{"start":{"line":104,"column":12},"end":{"line":104,"column":61}}]},"11":{"line":112,"type":"binary-expr","locations":[{"start":{"line":112,"column":45},"end":{"line":112,"column":79},"skip":true},{"start":{"line":112,"column":83},"end":{"line":121,"column":9},"skip":true}]},"12":{"line":123,"type":"binary-expr","locations":[{"start":{"line":123,"column":42},"end":{"line":123,"column":73},"skip":true},{"start":{"line":123,"column":77},"end":{"line":136,"column":9},"skip":true}]},"13":{"line":138,"type":"binary-expr","locations":[{"start":{"line":138,"column":48},"end":{"line":138,"column":85},"skip":true},{"start":{"line":139,"column":12},"end":{"line":145,"column":13},"skip":true}]},"14":{"line":147,"type":"binary-expr","locations":[{"start":{"line":147,"column":42},"end":{"line":147,"column":73},"skip":true},{"start":{"line":147,"column":77},"end":{"line":156,"column":9},"skip":true}]},"15":{"line":158,"type":"binary-expr","locations":[{"start":{"line":158,"column":45},"end":{"line":158,"column":79},"skip":true},{"start":{"line":158,"column":83},"end":{"line":167,"column":9},"skip":true}]},"16":{"line":169,"type":"binary-expr","locations":[{"start":{"line":169,"column":43},"end":{"line":169,"column":75},"skip":true},{"start":{"line":169,"column":79},"end":{"line":178,"column":9},"skip":true}]},"17":{"line":180,"type":"binary-expr","locations":[{"start":{"line":180,"column":41},"end":{"line":180,"column":71},"skip":true},{"start":{"line":180,"column":75},"end":{"line":189,"column":9},"skip":true}]}},"code":["/* istanbul instrument in package npmtest_modernizr */","/*jslint","    bitwise: true,","    browser: true,","    maxerr: 8,","    maxlen: 96,","    node: true,","    nomen: true,","    regexp: true,","    stupid: true","*/","(function () {","    'use strict';","    var local;","","","","    // run shared js-env code - init-before","    (function () {","        // init local","        local = {};","        // init modeJs","        local.modeJs = (function () {","            try {","                return typeof navigator.userAgent === 'string' &&","                    typeof document.querySelector('body') === 'object' &&","                    typeof XMLHttpRequest.prototype.open === 'function' &&","                    'browser';","            } catch (errorCaughtBrowser) {","                return module.exports &&","                    typeof process.versions.node === 'string' &&","                    typeof require('http').createServer === 'function' &&","                    'node';","            }","        }());","        // init global","        local.global = local.modeJs === 'browser'","            ? window","            : global;","        switch (local.modeJs) {","        // re-init local from window.local","        case 'browser':","            local = local.global.utility2.objectSetDefault(","                local.global.utility2_rollup || local.global.local,","                local.global.utility2","            );","            break;","        // re-init local from example.js","        case 'node':","            local = (local.global.utility2_rollup || require('utility2'))","                .requireReadme();","            break;","        }","        // export local","        local.global.local = local;","    }());","","","","    // run shared js-env code - function","    (function () {","        return;","    }());","    switch (local.modeJs) {","","","","    // run browser js-env code - function","    case 'browser':","        break;","","","","    // run node js-env code - function","    case 'node':","        break;","    }","","","","    // run shared js-env code - init-after","    (function () {","        return;","    }());","    switch (local.modeJs) {","","","","    // run browser js-env code - init-after","    case 'browser':","        local.testCase_browser_nullCase = local.testCase_browser_nullCase || function (","            options,","            onError","        ) {","        /*","         * this function will test browsers's null-case handling-behavior-behavior","         */","            onError(null, options);","        };","","        // run tests","        local.nop(local.modeTest &&","            document.querySelector('#testRunButton1') &&","            document.querySelector('#testRunButton1').click());","        break;","","","","    // run node js-env code - init-after","    /* istanbul ignore next */","    case 'node':","        local.testCase_buildApidoc_default = local.testCase_buildApidoc_default || function (","            options,","            onError","        ) {","        /*","         * this function will test buildApidoc's default handling-behavior-behavior","         */","            options = { modulePathList: module.paths };","            local.buildApidoc(options, onError);","        };","","        local.testCase_buildApp_default = local.testCase_buildApp_default || function (","            options,","            onError","        ) {","        /*","         * this function will test buildApp's default handling-behavior-behavior","         */","            local.testCase_buildReadme_default(options, local.onErrorThrow);","            local.testCase_buildLib_default(options, local.onErrorThrow);","            local.testCase_buildTest_default(options, local.onErrorThrow);","            local.testCase_buildCustomOrg_default(options, local.onErrorThrow);","            options = [];","            local.buildApp(options, onError);","        };","","        local.testCase_buildCustomOrg_default = local.testCase_buildCustomOrg_default ||","            function (options, onError) {","            /*","             * this function will test buildCustomOrg's default handling-behavior","             */","                options = {};","                local.buildCustomOrg(options, onError);","            };","","        local.testCase_buildLib_default = local.testCase_buildLib_default || function (","            options,","            onError","        ) {","        /*","         * this function will test buildLib's default handling-behavior","         */","            options = {};","            local.buildLib(options, onError);","        };","","        local.testCase_buildReadme_default = local.testCase_buildReadme_default || function (","            options,","            onError","        ) {","        /*","         * this function will test buildReadme's default handling-behavior-behavior","         */","            options = {};","            local.buildReadme(options, onError);","        };","","        local.testCase_buildTest_default = local.testCase_buildTest_default || function (","            options,","            onError","        ) {","        /*","         * this function will test buildTest's default handling-behavior","         */","            options = {};","            local.buildTest(options, onError);","        };","","        local.testCase_webpage_default = local.testCase_webpage_default || function (","            options,","            onError","        ) {","        /*","         * this function will test webpage's default handling-behavior","         */","            options = { modeCoverageMerge: true, url: local.serverLocalHost + '?modeTest=1' };","            local.browserTest(options, onError);","        };","","        // run test-server","        local.testRunServer(local);","        break;","    }","}());",""],"l":{"12":2,"14":2,"19":2,"21":2,"23":2,"24":2,"25":2,"30":1,"37":2,"40":2,"43":1,"47":1,"50":1,"52":1,"55":2,"61":2,"62":2,"64":2,"70":1,"76":1,"82":2,"83":2,"85":2,"91":1,"98":1,"102":1,"105":1,"112":1,"119":1,"120":1,"123":1,"130":1,"131":1,"132":1,"133":1,"134":1,"135":1,"138":1,"143":2,"144":2,"147":1,"154":2,"155":2,"158":1,"165":2,"166":2,"169":1,"176":2,"177":2,"180":1,"187":1,"188":1,"192":1,"193":1}},"/home/travis/build/npmtest/node-npmtest-modernizr/lib.npmtest_modernizr.js":{"path":"/home/travis/build/npmtest/node-npmtest-modernizr/lib.npmtest_modernizr.js","s":{"1":2,"2":2,"3":2,"4":2,"5":2,"6":2,"7":2,"8":1,"9":2,"10":2,"11":2,"12":2,"13":1,"14":1,"15":1,"16":1},"b":{"1":[2,1,1,1],"2":[1,1,1,1],"3":[1,1],"4":[2,2],"5":[1,1]},"f":{"1":2,"2":2,"3":2},"fnMap":{"1":{"name":"(anonymous_1)","line":12,"loc":{"start":{"line":12,"column":1},"end":{"line":12,"column":13}}},"2":{"name":"(anonymous_2)","line":19,"loc":{"start":{"line":19,"column":5},"end":{"line":19,"column":17}}},"3":{"name":"(anonymous_3)","line":23,"loc":{"start":{"line":23,"column":24},"end":{"line":23,"column":36}}}},"statementMap":{"1":{"start":{"line":12,"column":0},"end":{"line":53,"column":5}},"2":{"start":{"line":14,"column":4},"end":{"line":14,"column":14}},"3":{"start":{"line":19,"column":4},"end":{"line":52,"column":9}},"4":{"start":{"line":21,"column":8},"end":{"line":21,"column":19}},"5":{"start":{"line":23,"column":8},"end":{"line":35,"column":13}},"6":{"start":{"line":24,"column":12},"end":{"line":34,"column":13}},"7":{"start":{"line":25,"column":16},"end":{"line":28,"column":30}},"8":{"start":{"line":30,"column":16},"end":{"line":33,"column":27}},"9":{"start":{"line":37,"column":8},"end":{"line":39,"column":21}},"10":{"start":{"line":41,"column":8},"end":{"line":41,"column":54}},"11":{"start":{"line":43,"column":8},"end":{"line":43,"column":54}},"12":{"start":{"line":45,"column":8},"end":{"line":51,"column":9}},"13":{"start":{"line":46,"column":12},"end":{"line":46,"column":60}},"14":{"start":{"line":48,"column":12},"end":{"line":48,"column":35}},"15":{"start":{"line":49,"column":12},"end":{"line":49,"column":49}},"16":{"start":{"line":50,"column":12},"end":{"line":50,"column":43}}},"branchMap":{"1":{"line":25,"type":"binary-expr","locations":[{"start":{"line":25,"column":23},"end":{"line":25,"column":62}},{"start":{"line":26,"column":20},"end":{"line":26,"column":70}},{"start":{"line":27,"column":20},"end":{"line":27,"column":71}},{"start":{"line":28,"column":20},"end":{"line":28,"column":29}}]},"2":{"line":30,"type":"binary-expr","locations":[{"start":{"line":30,"column":23},"end":{"line":30,"column":37}},{"start":{"line":31,"column":20},"end":{"line":31,"column":61}},{"start":{"line":32,"column":20},"end":{"line":32,"column":70}},{"start":{"line":33,"column":20},"end":{"line":33,"column":26}}]},"3":{"line":37,"type":"cond-expr","locations":[{"start":{"line":38,"column":14},"end":{"line":38,"column":20}},{"start":{"line":39,"column":14},"end":{"line":39,"column":20}}]},"4":{"line":41,"type":"binary-expr","locations":[{"start":{"line":41,"column":16},"end":{"line":41,"column":44}},{"start":{"line":41,"column":48},"end":{"line":41,"column":53}}]},"5":{"line":45,"type":"if","locations":[{"start":{"line":45,"column":8},"end":{"line":45,"column":8}},{"start":{"line":45,"column":8},"end":{"line":45,"column":8}}]}},"code":["/* istanbul instrument in package npmtest_modernizr */","/*jslint","    bitwise: true,","    browser: true,","    maxerr: 8,","    maxlen: 96,","    node: true,","    nomen: true,","    regexp: true,","    stupid: true","*/","(function () {","    'use strict';","    var local;","","","","    // run shared js-env code - init-before","    (function () {","        // init local","        local = {};","        // init modeJs","        local.modeJs = (function () {","            try {","                return typeof navigator.userAgent === 'string' &&","                    typeof document.querySelector('body') === 'object' &&","                    typeof XMLHttpRequest.prototype.open === 'function' &&","                    'browser';","            } catch (errorCaughtBrowser) {","                return module.exports &&","                    typeof process.versions.node === 'string' &&","                    typeof require('http').createServer === 'function' &&","                    'node';","            }","        }());","        // init global","        local.global = local.modeJs === 'browser'","            ? window","            : global;","        // init utility2_rollup","        local = local.global.utility2_rollup || local;","        // init lib","        local.local = local.npmtest_modernizr = local;","        // init exports","        if (local.modeJs === 'browser') {","            local.global.utility2_npmtest_modernizr = local;","        } else {","            module.exports = local;","            module.exports.__dirname = __dirname;","            module.exports.module = module;","        }","    }());","}());",""],"l":{"12":2,"14":2,"19":2,"21":2,"23":2,"24":2,"25":2,"30":1,"37":2,"41":2,"43":2,"45":2,"46":1,"48":1,"49":1,"50":1}},"/home/travis/build/npmtest/node-npmtest-modernizr/example.js":{"path":"/home/travis/build/npmtest/node-npmtest-modernizr/example.js","s":{"1":2,"2":2,"3":2,"4":2,"5":2,"6":2,"7":2,"8":1,"9":2,"10":2,"11":2,"12":2,"13":1,"14":2,"15":2,"16":2,"17":2,"18":2,"19":0,"20":2,"21":1,"22":1,"23":1,"24":1,"25":1,"26":0,"27":0,"28":1,"29":1,"30":2,"31":0,"32":0,"33":0,"34":1,"35":2,"36":2,"37":3,"38":3,"39":3,"40":3,"41":0,"42":3,"43":3,"44":3,"45":1,"46":3,"47":1,"48":1,"49":1,"50":1,"51":1,"52":1,"53":1,"54":1,"55":1,"56":1,"57":0,"58":1,"59":6,"60":6,"61":1,"62":2,"63":0,"64":2,"65":1,"66":1,"67":0,"68":0,"69":0,"70":0,"71":0,"72":0,"73":0,"74":0,"75":0,"76":0,"77":0,"78":0,"79":0,"80":0,"81":0,"82":0,"83":0},"b":{"1":[2,1,1,1],"2":[1,1,1,1],"3":[1,1],"4":[2,2],"5":[1,1],"6":[1,1],"7":[2,0],"8":[2,1,1,1,1,1],"9":[0,2,0],"10":[1,1],"11":[2,1,1],"12":[1,0],"13":[0,2],"14":[2,0,0,0,0,0,0],"15":[0,3],"16":[3,0],"17":[1,1],"18":[0,1],"19":[1,2,0,2],"20":[1,0],"21":[1,1],"22":[0,0],"23":[0,0],"24":[0,0],"25":[0,0],"26":[0,0],"27":[0,0],"28":[0,0]},"f":{"1":2,"2":2,"3":2,"4":2,"5":2,"6":2,"7":3,"8":3,"9":3,"10":1,"11":6,"12":0},"fnMap":{"1":{"name":"(anonymous_1)","line":26,"loc":{"start":{"line":26,"column":1},"end":{"line":26,"column":13}}},"2":{"name":"(anonymous_2)","line":33,"loc":{"start":{"line":33,"column":5},"end":{"line":33,"column":17}}},"3":{"name":"(anonymous_3)","line":37,"loc":{"start":{"line":37,"column":24},"end":{"line":37,"column":36}}},"4":{"name":"(anonymous_4)","line":69,"loc":{"start":{"line":69,"column":31},"end":{"line":69,"column":48}},"skip":true},"5":{"name":"(anonymous_5)","line":78,"loc":{"start":{"line":78,"column":26},"end":{"line":78,"column":45}},"skip":true},"6":{"name":"(anonymous_6)","line":123,"loc":{"start":{"line":123,"column":33},"end":{"line":123,"column":48}},"skip":true},"7":{"name":"(anonymous_7)","line":125,"loc":{"start":{"line":125,"column":27},"end":{"line":125,"column":39}},"skip":true},"8":{"name":"(anonymous_8)","line":133,"loc":{"start":{"line":133,"column":59},"end":{"line":133,"column":74}},"skip":true},"9":{"name":"(anonymous_9)","line":143,"loc":{"start":{"line":143,"column":45},"end":{"line":143,"column":62}},"skip":true},"10":{"name":"(anonymous_10)","line":144,"loc":{"start":{"line":144,"column":73},"end":{"line":144,"column":92}},"skip":true},"11":{"name":"(anonymous_11)","line":272,"loc":{"start":{"line":272,"column":51},"end":{"line":272,"column":77}},"skip":true},"12":{"name":"(anonymous_12)","line":315,"loc":{"start":{"line":315,"column":32},"end":{"line":315,"column":61}},"skip":true}},"statementMap":{"1":{"start":{"line":26,"column":0},"end":{"line":326,"column":5}},"2":{"start":{"line":28,"column":4},"end":{"line":28,"column":14}},"3":{"start":{"line":33,"column":4},"end":{"line":60,"column":9}},"4":{"start":{"line":35,"column":8},"end":{"line":35,"column":19}},"5":{"start":{"line":37,"column":8},"end":{"line":49,"column":13}},"6":{"start":{"line":38,"column":12},"end":{"line":48,"column":13}},"7":{"start":{"line":39,"column":16},"end":{"line":42,"column":30}},"8":{"start":{"line":44,"column":16},"end":{"line":47,"column":27}},"9":{"start":{"line":51,"column":8},"end":{"line":53,"column":21}},"10":{"start":{"line":55,"column":8},"end":{"line":57,"column":45}},"11":{"start":{"line":59,"column":8},"end":{"line":59,"column":35}},"12":{"start":{"line":61,"column":4},"end":{"line":325,"column":5}},"13":{"start":{"line":69,"column":8},"end":{"line":121,"column":10},"skip":true},"14":{"start":{"line":70,"column":12},"end":{"line":88,"column":13},"skip":true},"15":{"start":{"line":76,"column":16},"end":{"line":87,"column":19},"skip":true},"16":{"start":{"line":79,"column":20},"end":{"line":86,"column":21},"skip":true},"17":{"start":{"line":82,"column":24},"end":{"line":82,"column":43},"skip":true},"18":{"start":{"line":83,"column":24},"end":{"line":83,"column":30},"skip":true},"19":{"start":{"line":85,"column":24},"end":{"line":85,"column":49},"skip":true},"20":{"start":{"line":89,"column":12},"end":{"line":107,"column":13},"skip":true},"21":{"start":{"line":92,"column":16},"end":{"line":102,"column":17},"skip":true},"22":{"start":{"line":93,"column":20},"end":{"line":93,"column":86},"skip":true},"23":{"start":{"line":94,"column":20},"end":{"line":95,"column":45},"skip":true},"24":{"start":{"line":96,"column":20},"end":{"line":96,"column":42},"skip":true},"25":{"start":{"line":97,"column":20},"end":{"line":97,"column":48},"skip":true},"26":{"start":{"line":100,"column":20},"end":{"line":100,"column":85},"skip":true},"27":{"start":{"line":101,"column":20},"end":{"line":101,"column":96},"skip":true},"28":{"start":{"line":103,"column":16},"end":{"line":103,"column":22},"skip":true},"29":{"start":{"line":106,"column":16},"end":{"line":106,"column":22},"skip":true},"30":{"start":{"line":108,"column":12},"end":{"line":120,"column":13},"skip":true},"31":{"start":{"line":114,"column":16},"end":{"line":119,"column":17},"skip":true},"32":{"start":{"line":116,"column":20},"end":{"line":116,"column":78},"skip":true},"33":{"start":{"line":118,"column":20},"end":{"line":118,"column":47},"skip":true},"34":{"start":{"line":123,"column":8},"end":{"line":141,"column":11},"skip":true},"35":{"start":{"line":124,"column":12},"end":{"line":124,"column":54},"skip":true},"36":{"start":{"line":125,"column":12},"end":{"line":140,"column":14},"skip":true},"37":{"start":{"line":126,"column":16},"end":{"line":126,"column":28},"skip":true},"38":{"start":{"line":127,"column":16},"end":{"line":127,"column":69},"skip":true},"39":{"start":{"line":128,"column":16},"end":{"line":128,"column":75},"skip":true},"40":{"start":{"line":129,"column":16},"end":{"line":131,"column":17},"skip":true},"41":{"start":{"line":130,"column":20},"end":{"line":130,"column":27},"skip":true},"42":{"start":{"line":133,"column":16},"end":{"line":137,"column":36},"skip":true},"43":{"start":{"line":134,"column":20},"end":{"line":136,"column":55},"skip":true},"44":{"start":{"line":139,"column":16},"end":{"line":139,"column":57},"skip":true},"45":{"start":{"line":143,"column":8},"end":{"line":147,"column":11},"skip":true},"46":{"start":{"line":144,"column":12},"end":{"line":146,"column":15},"skip":true},"47":{"start":{"line":145,"column":16},"end":{"line":145,"column":70},"skip":true},"48":{"start":{"line":149,"column":8},"end":{"line":149,"column":31},"skip":true},"49":{"start":{"line":150,"column":8},"end":{"line":150,"column":14},"skip":true},"50":{"start":{"line":158,"column":8},"end":{"line":158,"column":31},"skip":true},"51":{"start":{"line":160,"column":8},"end":{"line":160,"column":33},"skip":true},"52":{"start":{"line":161,"column":8},"end":{"line":161,"column":37},"skip":true},"53":{"start":{"line":162,"column":8},"end":{"line":162,"column":35},"skip":true},"54":{"start":{"line":164,"column":8},"end":{"line":164,"column":50},"skip":true},"55":{"start":{"line":166,"column":8},"end":{"line":256,"column":2},"skip":true},"56":{"start":{"line":258,"column":8},"end":{"line":286,"column":9},"skip":true},"57":{"start":{"line":259,"column":12},"end":{"line":269,"column":14},"skip":true},"58":{"start":{"line":271,"column":12},"end":{"line":285,"column":19},"skip":true},"59":{"start":{"line":274,"column":20},"end":{"line":274,"column":35},"skip":true},"60":{"start":{"line":275,"column":20},"end":{"line":284,"column":21},"skip":true},"61":{"start":{"line":277,"column":24},"end":{"line":277,"column":64},"skip":true},"62":{"start":{"line":279,"column":24},"end":{"line":279,"column":40},"skip":true},"63":{"start":{"line":281,"column":24},"end":{"line":281,"column":40},"skip":true},"64":{"start":{"line":283,"column":24},"end":{"line":283,"column":39},"skip":true},"65":{"start":{"line":288,"column":8},"end":{"line":290,"column":9},"skip":true},"66":{"start":{"line":289,"column":12},"end":{"line":289,"column":18},"skip":true},"67":{"start":{"line":291,"column":8},"end":{"line":293,"column":54},"skip":true},"68":{"start":{"line":296,"column":8},"end":{"line":301,"column":37},"skip":true},"69":{"start":{"line":303,"column":8},"end":{"line":303,"column":82},"skip":true},"70":{"start":{"line":306,"column":8},"end":{"line":308,"column":9},"skip":true},"71":{"start":{"line":307,"column":12},"end":{"line":307,"column":82},"skip":true},"72":{"start":{"line":310,"column":8},"end":{"line":312,"column":9},"skip":true},"73":{"start":{"line":311,"column":12},"end":{"line":311,"column":18},"skip":true},"74":{"start":{"line":313,"column":8},"end":{"line":313,"column":54},"skip":true},"75":{"start":{"line":314,"column":8},"end":{"line":314,"column":69},"skip":true},"76":{"start":{"line":315,"column":8},"end":{"line":323,"column":36},"skip":true},"77":{"start":{"line":316,"column":12},"end":{"line":316,"column":61},"skip":true},"78":{"start":{"line":317,"column":12},"end":{"line":320,"column":13},"skip":true},"79":{"start":{"line":318,"column":16},"end":{"line":318,"column":75},"skip":true},"80":{"start":{"line":319,"column":16},"end":{"line":319,"column":23},"skip":true},"81":{"start":{"line":321,"column":12},"end":{"line":321,"column":38},"skip":true},"82":{"start":{"line":322,"column":12},"end":{"line":322,"column":27},"skip":true},"83":{"start":{"line":324,"column":8},"end":{"line":324,"column":14},"skip":true}},"branchMap":{"1":{"line":39,"type":"binary-expr","locations":[{"start":{"line":39,"column":23},"end":{"line":39,"column":62}},{"start":{"line":40,"column":20},"end":{"line":40,"column":70}},{"start":{"line":41,"column":20},"end":{"line":41,"column":71}},{"start":{"line":42,"column":20},"end":{"line":42,"column":29}}]},"2":{"line":44,"type":"binary-expr","locations":[{"start":{"line":44,"column":23},"end":{"line":44,"column":37}},{"start":{"line":45,"column":20},"end":{"line":45,"column":61}},{"start":{"line":46,"column":20},"end":{"line":46,"column":70}},{"start":{"line":47,"column":20},"end":{"line":47,"column":26}}]},"3":{"line":51,"type":"cond-expr","locations":[{"start":{"line":52,"column":14},"end":{"line":52,"column":20}},{"start":{"line":53,"column":14},"end":{"line":53,"column":20}}]},"4":{"line":55,"type":"binary-expr","locations":[{"start":{"line":55,"column":16},"end":{"line":55,"column":44}},{"start":{"line":55,"column":49},"end":{"line":57,"column":43}}]},"5":{"line":55,"type":"cond-expr","locations":[{"start":{"line":56,"column":14},"end":{"line":56,"column":53}},{"start":{"line":57,"column":14},"end":{"line":57,"column":43}}]},"6":{"line":61,"type":"switch","locations":[{"start":{"line":68,"column":4},"end":{"line":150,"column":14},"skip":true},{"start":{"line":156,"column":4},"end":{"line":324,"column":14},"skip":true}]},"7":{"line":70,"type":"if","locations":[{"start":{"line":70,"column":12},"end":{"line":70,"column":12},"skip":true},{"start":{"line":70,"column":12},"end":{"line":70,"column":12},"skip":true}]},"8":{"line":70,"type":"binary-expr","locations":[{"start":{"line":70,"column":16},"end":{"line":70,"column":22},"skip":true},{"start":{"line":70,"column":27},"end":{"line":70,"column":32},"skip":true},{"start":{"line":71,"column":20},"end":{"line":71,"column":39},"skip":true},{"start":{"line":72,"column":20},"end":{"line":72,"column":49},"skip":true},{"start":{"line":73,"column":20},"end":{"line":73,"column":58},"skip":true},{"start":{"line":74,"column":20},"end":{"line":74,"column":69},"skip":true}]},"9":{"line":79,"type":"switch","locations":[{"start":{"line":80,"column":20},"end":{"line":80,"column":33},"skip":true},{"start":{"line":81,"column":20},"end":{"line":83,"column":30},"skip":true},{"start":{"line":84,"column":20},"end":{"line":85,"column":49},"skip":true}]},"10":{"line":89,"type":"switch","locations":[{"start":{"line":90,"column":12},"end":{"line":103,"column":22},"skip":true},{"start":{"line":105,"column":12},"end":{"line":106,"column":22},"skip":true}]},"11":{"line":89,"type":"binary-expr","locations":[{"start":{"line":89,"column":20},"end":{"line":89,"column":25},"skip":true},{"start":{"line":89,"column":29},"end":{"line":89,"column":48},"skip":true},{"start":{"line":89,"column":52},"end":{"line":89,"column":74},"skip":true}]},"12":{"line":92,"type":"if","locations":[{"start":{"line":92,"column":16},"end":{"line":92,"column":16},"skip":true},{"start":{"line":92,"column":16},"end":{"line":92,"column":16},"skip":true}]},"13":{"line":108,"type":"if","locations":[{"start":{"line":108,"column":12},"end":{"line":108,"column":12},"skip":true},{"start":{"line":108,"column":12},"end":{"line":108,"column":12},"skip":true}]},"14":{"line":108,"type":"binary-expr","locations":[{"start":{"line":108,"column":16},"end":{"line":108,"column":61},"skip":true},{"start":{"line":108,"column":66},"end":{"line":108,"column":72},"skip":true},{"start":{"line":108,"column":77},"end":{"line":108,"column":82},"skip":true},{"start":{"line":109,"column":20},"end":{"line":109,"column":39},"skip":true},{"start":{"line":110,"column":20},"end":{"line":110,"column":49},"skip":true},{"start":{"line":111,"column":20},"end":{"line":111,"column":58},"skip":true},{"start":{"line":112,"column":20},"end":{"line":112,"column":68},"skip":true}]},"15":{"line":129,"type":"if","locations":[{"start":{"line":129,"column":16},"end":{"line":129,"column":16},"skip":true},{"start":{"line":129,"column":16},"end":{"line":129,"column":16},"skip":true}]},"16":{"line":134,"type":"cond-expr","locations":[{"start":{"line":135,"column":26},"end":{"line":135,"column":29},"skip":true},{"start":{"line":136,"column":26},"end":{"line":136,"column":54},"skip":true}]},"17":{"line":164,"type":"binary-expr","locations":[{"start":{"line":164,"column":27},"end":{"line":164,"column":43},"skip":true},{"start":{"line":164,"column":47},"end":{"line":164,"column":49},"skip":true}]},"18":{"line":258,"type":"if","locations":[{"start":{"line":258,"column":8},"end":{"line":258,"column":8},"skip":true},{"start":{"line":258,"column":8},"end":{"line":258,"column":8},"skip":true}]},"19":{"line":275,"type":"switch","locations":[{"start":{"line":276,"column":20},"end":{"line":277,"column":64},"skip":true},{"start":{"line":278,"column":20},"end":{"line":279,"column":40},"skip":true},{"start":{"line":280,"column":20},"end":{"line":281,"column":40},"skip":true},{"start":{"line":282,"column":20},"end":{"line":283,"column":39},"skip":true}]},"20":{"line":288,"type":"if","locations":[{"start":{"line":288,"column":8},"end":{"line":288,"column":8},"skip":true},{"start":{"line":288,"column":8},"end":{"line":288,"column":8},"skip":true}]},"21":{"line":288,"type":"binary-expr","locations":[{"start":{"line":288,"column":12},"end":{"line":288,"column":40},"skip":true},{"start":{"line":288,"column":44},"end":{"line":288,"column":67},"skip":true}]},"22":{"line":292,"type":"binary-expr","locations":[{"start":{"line":292,"column":12},"end":{"line":292,"column":50},"skip":true},{"start":{"line":293,"column":12},"end":{"line":293,"column":53},"skip":true}]},"23":{"line":297,"type":"binary-expr","locations":[{"start":{"line":297,"column":12},"end":{"line":297,"column":67},"skip":true},{"start":{"line":298,"column":12},"end":{"line":301,"column":36},"skip":true}]},"24":{"line":303,"type":"binary-expr","locations":[{"start":{"line":303,"column":43},"end":{"line":303,"column":75},"skip":true},{"start":{"line":303,"column":79},"end":{"line":303,"column":81},"skip":true}]},"25":{"line":306,"type":"if","locations":[{"start":{"line":306,"column":8},"end":{"line":306,"column":8},"skip":true},{"start":{"line":306,"column":8},"end":{"line":306,"column":8},"skip":true}]},"26":{"line":310,"type":"if","locations":[{"start":{"line":310,"column":8},"end":{"line":310,"column":8},"skip":true},{"start":{"line":310,"column":8},"end":{"line":310,"column":8},"skip":true}]},"27":{"line":313,"type":"binary-expr","locations":[{"start":{"line":313,"column":27},"end":{"line":313,"column":43},"skip":true},{"start":{"line":313,"column":47},"end":{"line":313,"column":53},"skip":true}]},"28":{"line":317,"type":"if","locations":[{"start":{"line":317,"column":12},"end":{"line":317,"column":12},"skip":true},{"start":{"line":317,"column":12},"end":{"line":317,"column":12},"skip":true}]}},"code":["/*","example.js","","quickstart example","","instruction","    1. save this script as example.js","    2. run the shell command:","        $ npm install npmtest-modernizr && PORT=8081 node example.js","    3. play with the browser-demo on http://127.0.0.1:8081","*/","","","","/* istanbul instrument in package npmtest_modernizr */","/*jslint","    bitwise: true,","    browser: true,","    maxerr: 8,","    maxlen: 96,","    node: true,","    nomen: true,","    regexp: true,","    stupid: true","*/","(function () {","    'use strict';","    var local;","","","","    // run shared js-env code - init-before","    (function () {","        // init local","        local = {};","        // init modeJs","        local.modeJs = (function () {","            try {","                return typeof navigator.userAgent === 'string' &&","                    typeof document.querySelector('body') === 'object' &&","                    typeof XMLHttpRequest.prototype.open === 'function' &&","                    'browser';","            } catch (errorCaughtBrowser) {","                return module.exports &&","                    typeof process.versions.node === 'string' &&","                    typeof require('http').createServer === 'function' &&","                    'node';","            }","        }());","        // init global","        local.global = local.modeJs === 'browser'","            ? window","            : global;","        // init utility2_rollup","        local = local.global.utility2_rollup || (local.modeJs === 'browser'","            ? local.global.utility2_npmtest_modernizr","            : global.utility2_moduleExports);","        // export local","        local.global.local = local;","    }());","    switch (local.modeJs) {","","","","    // init-after","    // run browser js-env code - init-after","    /* istanbul ignore next */","    case 'browser':","        local.testRunBrowser = function (event) {","            if (!event || (event &&","                    event.currentTarget &&","                    event.currentTarget.className &&","                    event.currentTarget.className.includes &&","                    event.currentTarget.className.includes('onreset'))) {","                // reset output","                Array.from(","                    document.querySelectorAll('body > .resettable')","                ).forEach(function (element) {","                    switch (element.tagName) {","                    case 'INPUT':","                    case 'TEXTAREA':","                        element.value = '';","                        break;","                    default:","                        element.textContent = '';","                    }","                });","            }","            switch (event && event.currentTarget && event.currentTarget.id) {","            case 'testRunButton1':","                // show tests","                if (document.querySelector('#testReportDiv1').style.display === 'none') {","                    document.querySelector('#testReportDiv1').style.display = 'block';","                    document.querySelector('#testRunButton1').textContent =","                        'hide internal test';","                    local.modeTest = true;","                    local.testRunDefault(local);","                // hide tests","                } else {","                    document.querySelector('#testReportDiv1').style.display = 'none';","                    document.querySelector('#testRunButton1').textContent = 'run internal test';","                }","                break;","            // custom-case","            default:","                break;","            }","            if (document.querySelector('#inputTextareaEval1') && (!event || (event &&","                    event.currentTarget &&","                    event.currentTarget.className &&","                    event.currentTarget.className.includes &&","                    event.currentTarget.className.includes('oneval')))) {","                // try to eval input-code","                try {","                    /*jslint evil: true*/","                    eval(document.querySelector('#inputTextareaEval1').value);","                } catch (errorCaught) {","                    console.error(errorCaught);","                }","            }","        };","        // log stderr and stdout to #outputTextareaStdout1","        ['error', 'log'].forEach(function (key) {","            console[key + '_original'] = console[key];","            console[key] = function () {","                var element;","                console[key + '_original'].apply(console, arguments);","                element = document.querySelector('#outputTextareaStdout1');","                if (!element) {","                    return;","                }","                // append text to #outputTextareaStdout1","                element.value += Array.from(arguments).map(function (arg) {","                    return typeof arg === 'string'","                        ? arg","                        : JSON.stringify(arg, null, 4);","                }).join(' ') + '\\n';","                // scroll textarea to bottom","                element.scrollTop = element.scrollHeight;","            };","        });","        // init event-handling","        ['change', 'click', 'keyup'].forEach(function (event) {","            Array.from(document.querySelectorAll('.on' + event)).forEach(function (element) {","                element.addEventListener(event, local.testRunBrowser);","            });","        });","        // run tests","        local.testRunBrowser();","        break;","","","","    // run node js-env code - init-after","    /* istanbul ignore next */","    case 'node':","        // export local","        module.exports = local;","        // require modules","        local.fs = require('fs');","        local.http = require('http');","        local.url = require('url');","        // init assets","        local.assetsDict = local.assetsDict || {};","        /* jslint-ignore-begin */","        local.assetsDict['/assets.index.template.html'] = '\\","<!doctype html>\\n\\","<html lang=\"en\">\\n\\","<head>\\n\\","<meta charset=\"UTF-8\">\\n\\","<meta name=\"viewport\" content=\"width=device-width, initial-scale=1\">\\n\\","<title>{{env.npm_package_name}} (v{{env.npm_package_version}})</title>\\n\\","<style>\\n\\","/*csslint\\n\\","    box-sizing: false,\\n\\","    universal-selector: false\\n\\","*/\\n\\","* {\\n\\","    box-sizing: border-box;\\n\\","}\\n\\","body {\\n\\","    background: #dde;\\n\\","    font-family: Arial, Helvetica, sans-serif;\\n\\","    margin: 2rem;\\n\\","}\\n\\","body > * {\\n\\","    margin-bottom: 1rem;\\n\\","}\\n\\",".utility2FooterDiv {\\n\\","    margin-top: 20px;\\n\\","    text-align: center;\\n\\","}\\n\\","</style>\\n\\","<style>\\n\\","/*csslint\\n\\","*/\\n\\","textarea {\\n\\","    font-family: monospace;\\n\\","    height: 10rem;\\n\\","    width: 100%;\\n\\","}\\n\\","textarea[readonly] {\\n\\","    background: #ddd;\\n\\","}\\n\\","</style>\\n\\","</head>\\n\\","<body>\\n\\","<!-- utility2-comment\\n\\","<div id=\"ajaxProgressDiv1\" style=\"background: #d00; height: 2px; left: 0; margin: 0; padding: 0; position: fixed; top: 0; transition: background 0.5s, width 1.5s; width: 25%;\"></div>\\n\\","utility2-comment -->\\n\\","<h1>\\n\\","<!-- utility2-comment\\n\\","    <a\\n\\","        {{#if env.npm_package_homepage}}\\n\\","        href=\"{{env.npm_package_homepage}}\"\\n\\","        {{/if env.npm_package_homepage}}\\n\\","        target=\"_blank\"\\n\\","    >\\n\\","utility2-comment -->\\n\\","        {{env.npm_package_name}} (v{{env.npm_package_version}})\\n\\","<!-- utility2-comment\\n\\","    </a>\\n\\","utility2-comment -->\\n\\","</h1>\\n\\","<h3>{{env.npm_package_description}}</h3>\\n\\","<!-- utility2-comment\\n\\","<h4><a download href=\"assets.app.js\">download standalone app</a></h4>\\n\\","<button class=\"onclick onreset\" id=\"testRunButton1\">run internal test</button><br>\\n\\","<div id=\"testReportDiv1\" style=\"display: none;\"></div>\\n\\","utility2-comment -->\\n\\","\\n\\","\\n\\","\\n\\","<label>stderr and stdout</label>\\n\\","<textarea class=\"resettable\" id=\"outputTextareaStdout1\" readonly></textarea>\\n\\","<!-- utility2-comment\\n\\","{{#if isRollup}}\\n\\","<script src=\"assets.app.js\"></script>\\n\\","{{#unless isRollup}}\\n\\","utility2-comment -->\\n\\","<script src=\"assets.utility2.rollup.js\"></script>\\n\\","<script src=\"jsonp.utility2._stateInit?callback=window.utility2._stateInit\"></script>\\n\\","<script src=\"assets.npmtest_modernizr.rollup.js\"></script>\\n\\","<script src=\"assets.example.js\"></script>\\n\\","<script src=\"assets.test.js\"></script>\\n\\","<!-- utility2-comment\\n\\","{{/if isRollup}}\\n\\","utility2-comment -->\\n\\","<div class=\"utility2FooterDiv\">\\n\\","    [ this app was created with\\n\\","    <a href=\"https://github.com/kaizhu256/node-utility2\" target=\"_blank\">utility2</a>\\n\\","    ]\\n\\","</div>\\n\\","</body>\\n\\","</html>\\n\\","';","        /* jslint-ignore-end */","        if (local.templateRender) {","            local.assetsDict['/'] = local.templateRender(","                local.assetsDict['/assets.index.template.html'],","                {","                    env: local.objectSetDefault(local.env, {","                        npm_package_description: 'the greatest app in the world!',","                        npm_package_name: 'my-app',","                        npm_package_nameAlias: 'my_app',","                        npm_package_version: '0.0.1'","                    })","                }","            );","        } else {","            local.assetsDict['/'] = local.assetsDict['/assets.index.template.html']","                .replace((/\\{\\{env\\.(\\w+?)\\}\\}/g), function (match0, match1) {","                    // jslint-hack","                    String(match0);","                    switch (match1) {","                    case 'npm_package_description':","                        return 'the greatest app in the world!';","                    case 'npm_package_name':","                        return 'my-app';","                    case 'npm_package_nameAlias':","                        return 'my_app';","                    case 'npm_package_version':","                        return '0.0.1';","                    }","                });","        }","        // run the cli","        if (local.global.utility2_rollup || module !== require.main) {","            break;","        }","        local.assetsDict['/assets.example.js'] =","            local.assetsDict['/assets.example.js'] ||","            local.fs.readFileSync(__filename, 'utf8');","        // bug-workaround - long $npm_package_buildCustomOrg","        /* jslint-ignore-begin */","        local.assetsDict['/assets.npmtest_modernizr.rollup.js'] =","            local.assetsDict['/assets.npmtest_modernizr.rollup.js'] ||","            local.fs.readFileSync(","                local.npmtest_modernizr.__dirname + '/lib.npmtest_modernizr.js',","                'utf8'","            ).replace((/^#!/), '//');","        /* jslint-ignore-end */","        local.assetsDict['/favicon.ico'] = local.assetsDict['/favicon.ico'] || '';","        // if $npm_config_timeout_exit exists,","        // then exit this process after $npm_config_timeout_exit ms","        if (Number(process.env.npm_config_timeout_exit)) {","            setTimeout(process.exit, Number(process.env.npm_config_timeout_exit));","        }","        // start server","        if (local.global.utility2_serverHttp1) {","            break;","        }","        process.env.PORT = process.env.PORT || '8081';","        console.error('server starting on port ' + process.env.PORT);","        local.http.createServer(function (request, response) {","            request.urlParsed = local.url.parse(request.url);","            if (local.assetsDict[request.urlParsed.pathname] !== undefined) {","                response.end(local.assetsDict[request.urlParsed.pathname]);","                return;","            }","            response.statusCode = 404;","            response.end();","        }).listen(process.env.PORT);","        break;","    }","}());",""],"l":{"26":2,"28":2,"33":2,"35":2,"37":2,"38":2,"39":2,"44":1,"51":2,"55":2,"59":2,"61":2,"69":1,"70":2,"76":2,"79":2,"82":2,"83":2,"85":1,"89":2,"92":1,"93":1,"94":1,"96":1,"97":1,"100":1,"101":1,"103":1,"106":1,"108":2,"114":1,"116":1,"118":1,"123":1,"124":2,"125":2,"126":3,"127":3,"128":3,"129":3,"130":1,"133":3,"134":3,"139":3,"143":1,"144":3,"145":1,"149":1,"150":1,"158":1,"160":1,"161":1,"162":1,"164":1,"166":1,"258":1,"259":1,"271":1,"274":6,"275":6,"277":1,"279":2,"281":1,"283":2,"288":1,"289":1,"291":1,"296":1,"303":1,"306":1,"307":1,"310":1,"311":1,"313":1,"314":1,"315":1,"316":1,"317":1,"318":1,"319":1,"321":1,"322":1,"324":1}},"/home/travis/build/npmtest/node-npmtest-modernizr/node_modules/modernizr/lib/cli.js":{"path":"/home/travis/build/npmtest/node-npmtest-modernizr/node_modules/modernizr/lib/cli.js","s":{"1":1},"b":{},"f":{},"fnMap":{},"statementMap":{"1":{"start":{"line":3,"column":0},"end":{"line":7,"column":2}}},"branchMap":{},"code":["'use strict';","","module.exports = {","  build: require('./build'),","  metadata: require('./metadata'),","  options: require('./options'),","};",""],"l":{"3":1}},"/home/travis/build/npmtest/node-npmtest-modernizr/node_modules/modernizr/lib/build.js":{"path":"/home/travis/build/npmtest/node-npmtest-modernizr/node_modules/modernizr/lib/build.js","s":{"1":1,"2":1,"3":0,"4":0,"5":0,"6":0,"7":0,"8":0,"9":1,"10":0,"11":0,"12":0,"13":0,"14":0,"15":0,"16":0,"17":0,"18":0,"19":0,"20":0,"21":0,"22":1,"23":0,"24":0,"25":0,"26":0,"27":0,"28":0,"29":0,"30":0,"31":0,"32":0,"33":0,"34":0,"35":0,"36":0,"37":0,"38":0,"39":0,"40":0,"41":0,"42":0,"43":0,"44":1,"45":0,"46":0,"47":0,"48":0,"49":0,"50":0,"51":0,"52":0,"53":0,"54":0,"55":0,"56":0,"57":0,"58":0,"59":0,"60":0,"61":1,"62":1,"63":1,"64":1,"65":1,"66":1,"67":1,"68":1,"69":1,"70":1,"71":1,"72":0,"73":1,"74":1,"75":1,"76":1,"77":1,"78":0},"b":{"1":[1,0],"2":[0,0],"3":[0,0],"4":[0,0],"5":[0,0],"6":[0,0],"7":[0,0],"8":[0,0],"9":[0,0],"10":[0,0],"11":[0,0],"12":[0,0],"13":[0,1],"14":[0,0],"15":[0,0],"16":[0,0],"17":[0,0],"18":[0,1]},"f":{"1":0,"2":0,"3":0,"4":0,"5":0,"6":0,"7":0,"8":0,"9":0,"10":1,"11":1,"12":0},"fnMap":{"1":{"name":"(anonymous_1)","line":6,"loc":{"start":{"line":6,"column":14},"end":{"line":6,"column":29}}},"2":{"name":"(anonymous_2)","line":29,"loc":{"start":{"line":29,"column":16},"end":{"line":29,"column":45}}},"3":{"name":"build","line":56,"loc":{"start":{"line":56,"column":0},"end":{"line":56,"column":46}}},"4":{"name":"build","line":57,"loc":{"start":{"line":57,"column":9},"end":{"line":57,"column":36}}},"5":{"name":"noop","line":61,"loc":{"start":{"line":61,"column":15},"end":{"line":61,"column":31}}},"6":{"name":"(anonymous_6)","line":85,"loc":{"start":{"line":85,"column":24},"end":{"line":85,"column":41}}},"7":{"name":"(anonymous_7)","line":125,"loc":{"start":{"line":125,"column":37},"end":{"line":125,"column":48}}},"8":{"name":"(anonymous_8)","line":127,"loc":{"start":{"line":127,"column":58},"end":{"line":127,"column":72}}},"9":{"name":"(anonymous_9)","line":129,"loc":{"start":{"line":129,"column":54},"end":{"line":129,"column":68}}},"10":{"name":"(anonymous_10)","line":135,"loc":{"start":{"line":135,"column":35},"end":{"line":135,"column":46}}},"11":{"name":"(anonymous_11)","line":136,"loc":{"start":{"line":136,"column":30},"end":{"line":136,"column":41}}},"12":{"name":"build","line":155,"loc":{"start":{"line":155,"column":19},"end":{"line":155,"column":36}}}},"statementMap":{"1":{"start":{"line":4,"column":0},"end":{"line":4,"column":77}},"2":{"start":{"line":6,"column":0},"end":{"line":16,"column":2}},"3":{"start":{"line":7,"column":2},"end":{"line":15,"column":3}},"4":{"start":{"line":8,"column":4},"end":{"line":8,"column":27}},"5":{"start":{"line":9,"column":4},"end":{"line":14,"column":5}},"6":{"start":{"line":10,"column":6},"end":{"line":10,"column":30}},"7":{"start":{"line":11,"column":6},"end":{"line":11,"column":33}},"8":{"start":{"line":13,"column":6},"end":{"line":13,"column":24}},"9":{"start":{"line":18,"column":0},"end":{"line":54,"column":2}},"10":{"start":{"line":30,"column":4},"end":{"line":33,"column":5}},"11":{"start":{"line":32,"column":6},"end":{"line":32,"column":62}},"12":{"start":{"line":35,"column":4},"end":{"line":48,"column":5}},"13":{"start":{"line":37,"column":6},"end":{"line":37,"column":55}},"14":{"start":{"line":39,"column":6},"end":{"line":39,"column":52}},"15":{"start":{"line":41,"column":6},"end":{"line":44,"column":7}},"16":{"start":{"line":43,"column":8},"end":{"line":43,"column":63}},"17":{"start":{"line":45,"column":11},"end":{"line":48,"column":5}},"18":{"start":{"line":46,"column":6},"end":{"line":46,"column":57}},"19":{"start":{"line":47,"column":6},"end":{"line":47,"column":51}},"20":{"start":{"line":50,"column":4},"end":{"line":50,"column":55}},"21":{"start":{"line":52,"column":4},"end":{"line":52,"column":20}},"22":{"start":{"line":56,"column":0},"end":{"line":103,"column":1}},"23":{"start":{"line":57,"column":2},"end":{"line":102,"column":4}},"24":{"start":{"line":58,"column":4},"end":{"line":58,"column":27}},"25":{"start":{"line":59,"column":4},"end":{"line":59,"column":15}},"26":{"start":{"line":60,"column":4},"end":{"line":60,"column":26}},"27":{"start":{"line":61,"column":4},"end":{"line":61,"column":34}},"28":{"start":{"line":63,"column":4},"end":{"line":63,"column":46}},"29":{"start":{"line":65,"column":4},"end":{"line":67,"column":6}},"30":{"start":{"line":69,"column":4},"end":{"line":83,"column":5}},"31":{"start":{"line":70,"column":6},"end":{"line":70,"column":49}},"32":{"start":{"line":71,"column":6},"end":{"line":71,"column":41}},"33":{"start":{"line":72,"column":6},"end":{"line":79,"column":8}},"34":{"start":{"line":81,"column":6},"end":{"line":81,"column":46}},"35":{"start":{"line":82,"column":6},"end":{"line":82,"column":38}},"36":{"start":{"line":85,"column":4},"end":{"line":99,"column":6}},"37":{"start":{"line":86,"column":6},"end":{"line":86,"column":31}},"38":{"start":{"line":89,"column":6},"end":{"line":89,"column":102}},"39":{"start":{"line":90,"column":6},"end":{"line":90,"column":59}},"40":{"start":{"line":93,"column":6},"end":{"line":95,"column":7}},"41":{"start":{"line":94,"column":8},"end":{"line":94,"column":127}},"42":{"start":{"line":97,"column":6},"end":{"line":97,"column":17}},"43":{"start":{"line":101,"column":4},"end":{"line":101,"column":38}},"44":{"start":{"line":105,"column":0},"end":{"line":144,"column":1}},"45":{"start":{"line":106,"column":2},"end":{"line":106,"column":45}},"46":{"start":{"line":107,"column":2},"end":{"line":107,"column":41}},"47":{"start":{"line":108,"column":2},"end":{"line":108,"column":53}},"48":{"start":{"line":109,"column":2},"end":{"line":109,"column":56}},"49":{"start":{"line":110,"column":2},"end":{"line":116,"column":4}},"50":{"start":{"line":118,"column":2},"end":{"line":122,"column":3}},"51":{"start":{"line":119,"column":4},"end":{"line":119,"column":60}},"52":{"start":{"line":120,"column":4},"end":{"line":120,"column":57}},"53":{"start":{"line":121,"column":4},"end":{"line":121,"column":47}},"54":{"start":{"line":124,"column":2},"end":{"line":128,"column":3}},"55":{"start":{"line":125,"column":4},"end":{"line":125,"column":83}},"56":{"start":{"line":125,"column":49},"end":{"line":125,"column":80}},"57":{"start":{"line":127,"column":4},"end":{"line":127,"column":87}},"58":{"start":{"line":127,"column":73},"end":{"line":127,"column":84}},"59":{"start":{"line":129,"column":2},"end":{"line":129,"column":83}},"60":{"start":{"line":129,"column":69},"end":{"line":129,"column":80}},"61":{"start":{"line":131,"column":2},"end":{"line":131,"column":39}},"62":{"start":{"line":132,"column":2},"end":{"line":132,"column":41}},"63":{"start":{"line":133,"column":2},"end":{"line":133,"column":39}},"64":{"start":{"line":135,"column":2},"end":{"line":135,"column":66}},"65":{"start":{"line":135,"column":47},"end":{"line":135,"column":63}},"66":{"start":{"line":136,"column":2},"end":{"line":136,"column":56}},"67":{"start":{"line":136,"column":42},"end":{"line":136,"column":53}},"68":{"start":{"line":138,"column":2},"end":{"line":138,"column":52}},"69":{"start":{"line":139,"column":2},"end":{"line":143,"column":4}},"70":{"start":{"line":146,"column":0},"end":{"line":146,"column":36}},"71":{"start":{"line":148,"column":0},"end":{"line":158,"column":1}},"72":{"start":{"line":149,"column":2},"end":{"line":149,"column":73}},"73":{"start":{"line":151,"column":2},"end":{"line":151,"column":68}},"74":{"start":{"line":152,"column":2},"end":{"line":152,"column":39}},"75":{"start":{"line":153,"column":2},"end":{"line":153,"column":33}},"76":{"start":{"line":154,"column":2},"end":{"line":154,"column":21}},"77":{"start":{"line":155,"column":2},"end":{"line":157,"column":4}},"78":{"start":{"line":156,"column":4},"end":{"line":156,"column":77}}},"branchMap":{"1":{"line":4,"type":"binary-expr","locations":[{"start":{"line":4,"column":16},"end":{"line":4,"column":43}},{"start":{"line":4,"column":47},"end":{"line":4,"column":76}}]},"2":{"line":9,"type":"if","locations":[{"start":{"line":9,"column":4},"end":{"line":9,"column":4}},{"start":{"line":9,"column":4},"end":{"line":9,"column":4}}]},"3":{"line":10,"type":"binary-expr","locations":[{"start":{"line":10,"column":16},"end":{"line":10,"column":23}},{"start":{"line":10,"column":27},"end":{"line":10,"column":29}}]},"4":{"line":30,"type":"if","locations":[{"start":{"line":30,"column":4},"end":{"line":30,"column":4}},{"start":{"line":30,"column":4},"end":{"line":30,"column":4}}]},"5":{"line":35,"type":"if","locations":[{"start":{"line":35,"column":4},"end":{"line":35,"column":4}},{"start":{"line":35,"column":4},"end":{"line":35,"column":4}}]},"6":{"line":41,"type":"if","locations":[{"start":{"line":41,"column":6},"end":{"line":41,"column":6}},{"start":{"line":41,"column":6},"end":{"line":41,"column":6}}]},"7":{"line":45,"type":"if","locations":[{"start":{"line":45,"column":11},"end":{"line":45,"column":11}},{"start":{"line":45,"column":11},"end":{"line":45,"column":11}}]},"8":{"line":60,"type":"binary-expr","locations":[{"start":{"line":60,"column":13},"end":{"line":60,"column":19}},{"start":{"line":60,"column":23},"end":{"line":60,"column":25}}]},"9":{"line":61,"type":"binary-expr","locations":[{"start":{"line":61,"column":9},"end":{"line":61,"column":11}},{"start":{"line":61,"column":15},"end":{"line":61,"column":33}}]},"10":{"line":69,"type":"if","locations":[{"start":{"line":69,"column":4},"end":{"line":69,"column":4}},{"start":{"line":69,"column":4},"end":{"line":69,"column":4}}]},"11":{"line":93,"type":"if","locations":[{"start":{"line":93,"column":6},"end":{"line":93,"column":6}},{"start":{"line":93,"column":6},"end":{"line":93,"column":6}}]},"12":{"line":93,"type":"binary-expr","locations":[{"start":{"line":93,"column":10},"end":{"line":93,"column":16}},{"start":{"line":93,"column":20},"end":{"line":93,"column":38}}]},"13":{"line":105,"type":"if","locations":[{"start":{"line":105,"column":0},"end":{"line":105,"column":0}},{"start":{"line":105,"column":0},"end":{"line":105,"column":0}}]},"14":{"line":118,"type":"if","locations":[{"start":{"line":118,"column":2},"end":{"line":118,"column":2}},{"start":{"line":118,"column":2},"end":{"line":118,"column":2}}]},"15":{"line":119,"type":"binary-expr","locations":[{"start":{"line":119,"column":18},"end":{"line":119,"column":44}},{"start":{"line":119,"column":48},"end":{"line":119,"column":59}}]},"16":{"line":120,"type":"binary-expr","locations":[{"start":{"line":120,"column":17},"end":{"line":120,"column":42}},{"start":{"line":120,"column":46},"end":{"line":120,"column":56}}]},"17":{"line":124,"type":"if","locations":[{"start":{"line":124,"column":2},"end":{"line":124,"column":2}},{"start":{"line":124,"column":2},"end":{"line":124,"column":2}}]},"18":{"line":148,"type":"if","locations":[{"start":{"line":148,"column":0},"end":{"line":148,"column":0}},{"start":{"line":148,"column":0},"end":{"line":148,"column":0}}]}},"code":["// this file configures require.js based on enviroment","'use strict';","","var inBrowser = typeof define == 'function' && typeof define.amd == 'object';","","var _extend = function(a, b) {","  for (var prop in b) {","    var supplied = b[prop];","    if (Object.prototype.toString.call(supplied) === '[object Object]') {","      a[prop] = a[prop] || {};","      _extend(a[prop], supplied);","    } else {","      a[prop] = b[prop];","    }","  }","};","","var baseRequireConfig = {","  optimize: 'none',","  generateSourceMaps: false,","  optimizeCss: 'none',","  useStrict: true,","  include: ['modernizr-init'],","  fileExclusionRegExp: /^(.git|node_modules|modulizr|media|test)$/,","  wrap: {","    start: '\\n;(function(window, document, undefined){',","    end: '})(window, document);'","  },","  onBuildWrite: function(id, path, contents) {","    if (this.optimize === 'uglify2') {","      // strip out documentation comments","      contents = contents.replace(/\\/\\*\\![\\s\\S]*\\!\\*\\//m, '');","    }","","    if ((/define\\(.*?\\{/).test(contents)) {","      // remove AMD ceremony for use without require.js or almond.js","      contents = contents.replace(/define\\(.*?\\{/, '');","","      contents = contents.replace(/\\}\\);\\s*?$/, '');","","      if (!contents.match(/Modernizr\\.add(Async)?Test\\(/)) {","      // remove last return statement and trailing })","        contents = contents.replace(/return.*[^return]*$/, '');","      }","    } else if ((/require\\([^\\{]*?\\{/).test(contents)) {","      contents = contents.replace(/require[^\\{]+\\{/, '');","      contents = contents.replace(/\\}\\);\\s*$/, '');","    }","","    contents = contents.replace(/return addTest;/, '');","","    return contents;","  }","};","","function build(generate, generateBanner, pkg) {","  return function build(config, cb) {","    var requireConfig = {};","    var banner;","    config = config || {};","    cb = cb || function noop() {};","","    _extend(requireConfig, baseRequireConfig);","","    requireConfig.rawText = {","      'modernizr-init': generate(config)","    };","","    if (config.minify) {","      banner = generateBanner('compact', config);","      requireConfig.optimize = 'uglify2';","      requireConfig.uglify2 = {","        mangle: {","          except: ['Modernizr']","        },","        beautify: {","          ascii_only: true","        }","      };","    } else {","      banner = generateBanner('full', config);","      requireConfig.optimize = 'none';","    }","","    requireConfig.out = function(output) {","      output = banner + output;","","      // Remove `define('modernizr-init' ...)` and `define('modernizr-build' ...)`","      output = output.replace(/(,\\s*)?define\\(\"modernizr-(init|build)\",\\s*function\\(\\)\\{\\};?\\)/g, '');","      output = output.replace(/__VERSION__/g, pkg.version);","","      // Hack the prefix into place. Anything is way too big for something so small.","      if (config && config.classPrefix) {","        output = output.replace(/(classPrefix'?\\s?:\\s?)['\"\"']{2}(,)/, '$1\"' + config.classPrefix.replace(/\"/g, '\\\\\"') + '\"$2');","      }","","      cb(output);","","    };","","    requirejs.optimize(requireConfig);","  };","}","","if (inBrowser) {","  var suppliedConfig = self._modernizrConfig;","  var metadataUrl = 'i/js/metadata.json';","  var packageUrl = 'i/js/modernizr-git/package.json';","  baseRequireConfig.baseUrl = '/i/js/modernizr-git/src';","  baseRequireConfig.paths = {","    text: '/i/js/requirejs-plugins/lib/text',","    lib: '/i/js/modernizr-git/lib',","    json: '/i/js/requirejs-plugins/src/json',","    lodash: '/i/js/lodash',","    test: '/i/js/modernizr-git/feature-detects'","  };","","  if (suppliedConfig) {","    metadataUrl = suppliedConfig.metadataUrl || metadataUrl;","    packageUrl = suppliedConfig.packageUrl || packageUrl;","    _extend(baseRequireConfig, suppliedConfig);","  }","","  if (self._modernizrMetadata) {","    requirejs.define('metadata', [], function() {return self._modernizrMetadata;});","  } else {","    requirejs.define('metadata', ['json!' + metadataUrl], function(pkg) {return pkg;});","  }","  requirejs.define('package', ['json!' + packageUrl], function(pkg) {return pkg;});","} else {","  var requirejs = require('requirejs');","  var metadata = require('./metadata')();","  var pkg = require('../package.json');","","  requirejs.define('metadata', [], function() {return metadata;});","  requirejs.define('package', function() {return pkg;});","","  baseRequireConfig.baseUrl = __dirname + '/../src';","  baseRequireConfig.paths = {","    lodash: __dirname + '/../node_modules/lodash/lodash',","    test: __dirname + '/../feature-detects',","    lib: __dirname","  };","}","","requirejs.config(baseRequireConfig);","","if (inBrowser) {","  define('build', ['generate', 'lib/generate-banner', 'package'], build);","} else {","  var generateBanner = requirejs(__dirname + '/generate-banner.js');","  var generate = requirejs('generate');","  var pkg = requirejs('package');","  var _build = build;","  module.exports = function build() {","    return _build(generate, generateBanner, pkg).apply(undefined, arguments);","  };","}",""],"l":{"4":1,"6":1,"7":0,"8":0,"9":0,"10":0,"11":0,"13":0,"18":1,"30":0,"32":0,"35":0,"37":0,"39":0,"41":0,"43":0,"45":0,"46":0,"47":0,"50":0,"52":0,"56":1,"57":0,"58":0,"59":0,"60":0,"61":0,"63":0,"65":0,"69":0,"70":0,"71":0,"72":0,"81":0,"82":0,"85":0,"86":0,"89":0,"90":0,"93":0,"94":0,"97":0,"101":0,"105":1,"106":0,"107":0,"108":0,"109":0,"110":0,"118":0,"119":0,"120":0,"121":0,"124":0,"125":0,"127":0,"129":0,"131":1,"132":1,"133":1,"135":1,"136":1,"138":1,"139":1,"146":1,"148":1,"149":0,"151":1,"152":1,"153":1,"154":1,"155":1,"156":0}},"/home/travis/build/npmtest/node-npmtest-modernizr/node_modules/modernizr/lib/metadata.js":{"path":"/home/travis/build/npmtest/node-npmtest-modernizr/node_modules/modernizr/lib/metadata.js","s":{"1":1,"2":1,"3":1,"4":1,"5":1,"6":1,"7":1,"8":1,"9":1,"10":32,"11":269,"12":0,"13":269,"14":269,"15":269,"16":269,"17":269,"18":269,"19":269,"20":269,"21":269,"22":269,"23":269,"24":0,"25":0,"26":269,"27":269,"28":184,"29":269,"30":269,"31":269,"32":269,"33":269,"34":269,"35":0,"36":269,"37":573,"38":268,"39":305,"40":0,"41":269,"42":269,"43":269,"44":269,"45":269,"46":0,"47":269,"48":269,"49":79,"50":144,"51":144,"52":0,"53":269,"54":269,"55":251,"56":269,"57":54,"58":269,"59":237,"60":269,"61":161,"62":269,"63":269,"64":0,"65":269,"66":0,"67":0,"68":269,"69":43,"70":269,"71":149,"72":269,"73":245,"74":269,"75":1,"76":0,"77":1,"78":1},"b":{"1":[0,269],"2":[269,0],"3":[269,269],"4":[184,85],"5":[269,184],"6":[269,0],"7":[269,269],"8":[268,305],"9":[0,269],"10":[79,190],"11":[269,81],"12":[144,0],"13":[251,18],"14":[54,215],"15":[237,32],"16":[161,108],"17":[269,0],"18":[269,269],"19":[0,269],"20":[269,85],"21":[43,226],"22":[149,120],"23":[245,24],"24":[0,1],"25":[1,0]},"f":{"1":1,"2":32,"3":269,"4":573,"5":144},"fnMap":{"1":{"name":"metadata","line":7,"loc":{"start":{"line":7,"column":0},"end":{"line":7,"column":22}}},"2":{"name":"(anonymous_2)","line":10,"loc":{"start":{"line":10,"column":26},"end":{"line":10,"column":55}}},"3":{"name":"(anonymous_3)","line":11,"loc":{"start":{"line":11,"column":18},"end":{"line":11,"column":33}}},"4":{"name":"(anonymous_4)","line":54,"loc":{"start":{"line":54,"column":28},"end":{"line":54,"column":42}}},"5":{"name":"(anonymous_5)","line":75,"loc":{"start":{"line":75,"column":35},"end":{"line":75,"column":54}}}},"statementMap":{"1":{"start":{"line":1,"column":0},"end":{"line":1,"column":23}},"2":{"start":{"line":2,"column":0},"end":{"line":2,"column":27}},"3":{"start":{"line":3,"column":0},"end":{"line":3,"column":39}},"4":{"start":{"line":4,"column":0},"end":{"line":4,"column":44}},"5":{"start":{"line":5,"column":0},"end":{"line":5,"column":66}},"6":{"start":{"line":7,"column":0},"end":{"line":138,"column":1}},"7":{"start":{"line":8,"column":2},"end":{"line":8,"column":17}},"8":{"start":{"line":9,"column":2},"end":{"line":9,"column":28}},"9":{"start":{"line":10,"column":2},"end":{"line":132,"column":5}},"10":{"start":{"line":11,"column":4},"end":{"line":131,"column":7}},"11":{"start":{"line":12,"column":6},"end":{"line":14,"column":7}},"12":{"start":{"line":13,"column":8},"end":{"line":13,"column":15}},"13":{"start":{"line":15,"column":6},"end":{"line":15,"column":61}},"14":{"start":{"line":17,"column":6},"end":{"line":17,"column":44}},"15":{"start":{"line":18,"column":6},"end":{"line":18,"column":39}},"16":{"start":{"line":19,"column":6},"end":{"line":19,"column":45}},"17":{"start":{"line":20,"column":6},"end":{"line":20,"column":41}},"18":{"start":{"line":21,"column":6},"end":{"line":21,"column":42}},"19":{"start":{"line":22,"column":6},"end":{"line":22,"column":41}},"20":{"start":{"line":24,"column":6},"end":{"line":24,"column":19}},"21":{"start":{"line":26,"column":6},"end":{"line":35,"column":7}},"22":{"start":{"line":27,"column":8},"end":{"line":31,"column":9}},"23":{"start":{"line":28,"column":10},"end":{"line":28,"column":44}},"24":{"start":{"line":30,"column":10},"end":{"line":30,"column":95}},"25":{"start":{"line":34,"column":8},"end":{"line":34,"column":22}},"26":{"start":{"line":37,"column":6},"end":{"line":37,"column":22}},"27":{"start":{"line":39,"column":6},"end":{"line":41,"column":7}},"28":{"start":{"line":40,"column":8},"end":{"line":40,"column":47}},"29":{"start":{"line":43,"column":6},"end":{"line":43,"column":26}},"30":{"start":{"line":45,"column":6},"end":{"line":45,"column":20}},"31":{"start":{"line":46,"column":6},"end":{"line":46,"column":22}},"32":{"start":{"line":48,"column":6},"end":{"line":62,"column":7}},"33":{"start":{"line":49,"column":8},"end":{"line":53,"column":9}},"34":{"start":{"line":50,"column":10},"end":{"line":50,"column":69}},"35":{"start":{"line":52,"column":10},"end":{"line":52,"column":105}},"36":{"start":{"line":54,"column":8},"end":{"line":59,"column":11}},"37":{"start":{"line":55,"column":10},"end":{"line":57,"column":11}},"38":{"start":{"line":56,"column":12},"end":{"line":56,"column":19}},"39":{"start":{"line":58,"column":10},"end":{"line":58,"column":25}},"40":{"start":{"line":61,"column":8},"end":{"line":61,"column":72}},"41":{"start":{"line":63,"column":6},"end":{"line":63,"column":27}},"42":{"start":{"line":65,"column":6},"end":{"line":65,"column":50}},"43":{"start":{"line":66,"column":6},"end":{"line":66,"column":91}},"44":{"start":{"line":67,"column":6},"end":{"line":67,"column":102}},"45":{"start":{"line":69,"column":6},"end":{"line":71,"column":7}},"46":{"start":{"line":70,"column":8},"end":{"line":70,"column":41}},"47":{"start":{"line":73,"column":6},"end":{"line":73,"column":19}},"48":{"start":{"line":74,"column":6},"end":{"line":83,"column":7}},"49":{"start":{"line":75,"column":8},"end":{"line":82,"column":11}},"50":{"start":{"line":76,"column":10},"end":{"line":81,"column":11}},"51":{"start":{"line":77,"column":12},"end":{"line":77,"column":42}},"52":{"start":{"line":80,"column":12},"end":{"line":80,"column":99}},"53":{"start":{"line":84,"column":6},"end":{"line":84,"column":31}},"54":{"start":{"line":86,"column":6},"end":{"line":88,"column":7}},"55":{"start":{"line":87,"column":8},"end":{"line":87,"column":31}},"56":{"start":{"line":90,"column":6},"end":{"line":92,"column":7}},"57":{"start":{"line":91,"column":8},"end":{"line":91,"column":28}},"58":{"start":{"line":94,"column":6},"end":{"line":96,"column":7}},"59":{"start":{"line":95,"column":8},"end":{"line":95,"column":31}},"60":{"start":{"line":98,"column":6},"end":{"line":100,"column":7}},"61":{"start":{"line":99,"column":8},"end":{"line":99,"column":32}},"62":{"start":{"line":102,"column":6},"end":{"line":106,"column":7}},"63":{"start":{"line":103,"column":8},"end":{"line":103,"column":46}},"64":{"start":{"line":105,"column":8},"end":{"line":105,"column":33}},"65":{"start":{"line":109,"column":6},"end":{"line":112,"column":7}},"66":{"start":{"line":110,"column":8},"end":{"line":110,"column":37}},"67":{"start":{"line":111,"column":8},"end":{"line":111,"column":29}},"68":{"start":{"line":118,"column":6},"end":{"line":120,"column":7}},"69":{"start":{"line":119,"column":8},"end":{"line":119,"column":27}},"70":{"start":{"line":122,"column":6},"end":{"line":124,"column":7}},"71":{"start":{"line":123,"column":8},"end":{"line":123,"column":30}},"72":{"start":{"line":126,"column":6},"end":{"line":128,"column":7}},"73":{"start":{"line":127,"column":8},"end":{"line":127,"column":32}},"74":{"start":{"line":130,"column":6},"end":{"line":130,"column":27}},"75":{"start":{"line":134,"column":2},"end":{"line":136,"column":3}},"76":{"start":{"line":135,"column":4},"end":{"line":135,"column":21}},"77":{"start":{"line":137,"column":2},"end":{"line":137,"column":15}},"78":{"start":{"line":141,"column":0},"end":{"line":141,"column":26}}},"branchMap":{"1":{"line":12,"type":"if","locations":[{"start":{"line":12,"column":6},"end":{"line":12,"column":6}},{"start":{"line":12,"column":6},"end":{"line":12,"column":6}}]},"2":{"line":26,"type":"if","locations":[{"start":{"line":26,"column":6},"end":{"line":26,"column":6}},{"start":{"line":26,"column":6},"end":{"line":26,"column":6}}]},"3":{"line":26,"type":"binary-expr","locations":[{"start":{"line":26,"column":10},"end":{"line":26,"column":17}},{"start":{"line":26,"column":21},"end":{"line":26,"column":31}}]},"4":{"line":39,"type":"if","locations":[{"start":{"line":39,"column":6},"end":{"line":39,"column":6}},{"start":{"line":39,"column":6},"end":{"line":39,"column":6}}]},"5":{"line":39,"type":"binary-expr","locations":[{"start":{"line":39,"column":10},"end":{"line":39,"column":20}},{"start":{"line":39,"column":24},"end":{"line":39,"column":37}}]},"6":{"line":48,"type":"if","locations":[{"start":{"line":48,"column":6},"end":{"line":48,"column":6}},{"start":{"line":48,"column":6},"end":{"line":48,"column":6}}]},"7":{"line":48,"type":"binary-expr","locations":[{"start":{"line":48,"column":10},"end":{"line":48,"column":20}},{"start":{"line":48,"column":24},"end":{"line":48,"column":37}}]},"8":{"line":55,"type":"if","locations":[{"start":{"line":55,"column":10},"end":{"line":55,"column":10}},{"start":{"line":55,"column":10},"end":{"line":55,"column":10}}]},"9":{"line":69,"type":"if","locations":[{"start":{"line":69,"column":6},"end":{"line":69,"column":6}},{"start":{"line":69,"column":6},"end":{"line":69,"column":6}}]},"10":{"line":74,"type":"if","locations":[{"start":{"line":74,"column":6},"end":{"line":74,"column":6}},{"start":{"line":74,"column":6},"end":{"line":74,"column":6}}]},"11":{"line":74,"type":"binary-expr","locations":[{"start":{"line":74,"column":10},"end":{"line":74,"column":28}},{"start":{"line":74,"column":32},"end":{"line":74,"column":57}}]},"12":{"line":76,"type":"if","locations":[{"start":{"line":76,"column":10},"end":{"line":76,"column":10}},{"start":{"line":76,"column":10},"end":{"line":76,"column":10}}]},"13":{"line":86,"type":"if","locations":[{"start":{"line":86,"column":6},"end":{"line":86,"column":6}},{"start":{"line":86,"column":6},"end":{"line":86,"column":6}}]},"14":{"line":90,"type":"if","locations":[{"start":{"line":90,"column":6},"end":{"line":90,"column":6}},{"start":{"line":90,"column":6},"end":{"line":90,"column":6}}]},"15":{"line":94,"type":"if","locations":[{"start":{"line":94,"column":6},"end":{"line":94,"column":6}},{"start":{"line":94,"column":6},"end":{"line":94,"column":6}}]},"16":{"line":98,"type":"if","locations":[{"start":{"line":98,"column":6},"end":{"line":98,"column":6}},{"start":{"line":98,"column":6},"end":{"line":98,"column":6}}]},"17":{"line":102,"type":"if","locations":[{"start":{"line":102,"column":6},"end":{"line":102,"column":6}},{"start":{"line":102,"column":6},"end":{"line":102,"column":6}}]},"18":{"line":102,"type":"binary-expr","locations":[{"start":{"line":102,"column":10},"end":{"line":102,"column":28}},{"start":{"line":102,"column":32},"end":{"line":102,"column":49}}]},"19":{"line":109,"type":"if","locations":[{"start":{"line":109,"column":6},"end":{"line":109,"column":6}},{"start":{"line":109,"column":6},"end":{"line":109,"column":6}}]},"20":{"line":109,"type":"binary-expr","locations":[{"start":{"line":109,"column":10},"end":{"line":109,"column":23}},{"start":{"line":109,"column":27},"end":{"line":109,"column":40}}]},"21":{"line":118,"type":"if","locations":[{"start":{"line":118,"column":6},"end":{"line":118,"column":6}},{"start":{"line":118,"column":6},"end":{"line":118,"column":6}}]},"22":{"line":122,"type":"if","locations":[{"start":{"line":122,"column":6},"end":{"line":122,"column":6}},{"start":{"line":122,"column":6},"end":{"line":122,"column":6}}]},"23":{"line":126,"type":"if","locations":[{"start":{"line":126,"column":6},"end":{"line":126,"column":6}},{"start":{"line":126,"column":6},"end":{"line":126,"column":6}}]},"24":{"line":134,"type":"if","locations":[{"start":{"line":134,"column":2},"end":{"line":134,"column":2}},{"start":{"line":134,"column":2},"end":{"line":134,"column":2}}]},"25":{"line":134,"type":"binary-expr","locations":[{"start":{"line":134,"column":6},"end":{"line":134,"column":8}},{"start":{"line":134,"column":12},"end":{"line":134,"column":35}}]}},"code":["var fs = require('fs');","var file = require('file');","var Remarkable = require('remarkable');","var polyfills = require('./polyfills.json');","var viewRoot = fs.realpathSync(__dirname + '/../feature-detects');","","function metadata(cb) {","  var tests = [];","  var md = new Remarkable();","  file.walkSync(viewRoot, function(start, dirs, files) {","    files.forEach(function(file) {","      if (file === '.DS_Store') {","        return;","      }","      var test = fs.readFileSync(start + '/' + file, 'utf8');","      // TODO :: make this regex not suck","      var metaRE = /\\/\\*\\!([\\s\\S]*)\\!\\*\\//m;","      var matches = test.match(metaRE);","      var docRE = /\\/\\*\\sDOC([\\s\\S]*?)\\*\\//m;","      var docmatches = test.match(docRE);","      var depRE = /define\\((\\[[^\\]]*\\]),/;","      var depMatches = test.match(depRE);","","      var metadata;","","      if (matches && matches[1]) {","        try {","          metadata = JSON.parse(matches[1]);","        } catch (e) {","          throw new Error('Error Parsing Metadata: ' + file + '\\nInput: `' + matches[1] + '`');","        }","      }","      else {","        metadata = {};","      }","","      var docs = null;","","      if (docmatches && docmatches[1]) {","        docs = md.render(docmatches[1].trim());","      }","","      metadata.doc = docs;","","      var deps = [];","      var matchedDeps;","","      if (depMatches && depMatches[1]) {","        try {","          matchedDeps = JSON.parse(depMatches
[...]
","  }],","  \"polyfills\": [\"matchmediajs\"]","}","!*/","/* DOC","","Detects support for matchMedia.","","*/","define(['Modernizr', 'prefixed'], function(Modernizr, prefixed) {","  Modernizr.addTest('matchmedia', !!prefixed('matchMedia', window));","});",""],"l":{"23":2,"24":0}},"/home/travis/build/npmtest/node-npmtest-modernizr/node_modules/modernizr/feature-detects/workers/blobworkers.js":{"path":"/home/travis/build/npmtest/node-npmtest-modernizr/node_modules/modernizr/feature-detects/workers/blobworkers.js","s":{"1":2,"2":0,"3":0,"4":0,"5":0,"6":0,"7":0,"8":0,"9":0,"10":0,"11":0,"12":0,"13":0,"14":0,"15":0,"16":0,"17":0,"18":0,"19":0,"20":0,"21":0,"22":0,"23":0,"24":0,"25":1,"26":0,"27":0,"28":1,"29":0,"30":0,"31":0,"32":0,"33":0,"34":0},"b":{"1":[0,0],"2":[0,0,0,0,0],"3":[0,0,0,0,0],"4":[0,0],"5":[0,0],"6":[0,0],"7":[0,0]},"f":{"1":0,"2":0,"3":0,"4":0,"5":0},"fnMap":{"1":{"name":"(anonymous_1)","line":19,"loc":{"start":{"line":19,"column":33},"end":{"line":19,"column":62}}},"2":{"name":"(anonymous_2)","line":20,"loc":{"start":{"line":20,"column":25},"end":{"line":20,"column":36}}},"3":{"name":"(anonymous_3)","line":52,"loc":{"start":{"line":52,"column":25},"end":{"line":52,"column":37}}},"4":{"name":"fail","line":66,"loc":{"start":{"line":66,"column":4},"end":{"line":66,"column":20}}},"5":{"name":"cleanup","line":71,"loc":{"start":{"line":71,"column":4},"end":{"line":71,"column":23}}}},"statementMap":{"1":{"start":{"line":19,"column":0},"end":{"line":83,"column":3}},"2":{"start":{"line":20,"column":2},"end":{"line":82,"column":5}},"3":{"start":{"line":21,"column":4},"end":{"line":64,"column":5}},"4":{"start":{"line":24,"column":6},"end":{"line":24,"column":43}},"5":{"start":{"line":25,"column":6},"end":{"line":25,"column":35}},"6":{"start":{"line":26,"column":6},"end":{"line":29,"column":7}},"7":{"start":{"line":27,"column":8},"end":{"line":27,"column":134}},"8":{"start":{"line":28,"column":8},"end":{"line":28,"column":94}},"9":{"start":{"line":30,"column":6},"end":{"line":36,"column":71}},"10":{"start":{"line":38,"column":6},"end":{"line":42,"column":7}},"11":{"start":{"line":39,"column":8},"end":{"line":39,"column":65}},"12":{"start":{"line":43,"column":6},"end":{"line":47,"column":7}},"13":{"start":{"line":44,"column":8},"end":{"line":44,"column":31}},"14":{"start":{"line":45,"column":8},"end":{"line":45,"column":30}},"15":{"start":{"line":46,"column":8},"end":{"line":46,"column":28}},"16":{"start":{"line":49,"column":6},"end":{"line":49,"column":38}},"17":{"start":{"line":50,"column":6},"end":{"line":50,"column":31}},"18":{"start":{"line":52,"column":6},"end":{"line":55,"column":8}},"19":{"start":{"line":53,"column":8},"end":{"line":53,"column":48}},"20":{"start":{"line":54,"column":8},"end":{"line":54,"column":18}},"21":{"start":{"line":58,"column":6},"end":{"line":58,"column":28}},"22":{"start":{"line":59,"column":6},"end":{"line":59,"column":38}},"23":{"start":{"line":61,"column":6},"end":{"line":61,"column":31}},"24":{"start":{"line":63,"column":6},"end":{"line":63,"column":13}},"25":{"start":{"line":66,"column":4},"end":{"line":69,"column":5}},"26":{"start":{"line":67,"column":6},"end":{"line":67,"column":36}},"27":{"start":{"line":68,"column":6},"end":{"line":68,"column":16}},"28":{"start":{"line":71,"column":4},"end":{"line":81,"column":5}},"29":{"start":{"line":72,"column":6},"end":{"line":74,"column":7}},"30":{"start":{"line":73,"column":8},"end":{"line":73,"column":33}},"31":{"start":{"line":75,"column":6},"end":{"line":77,"column":7}},"32":{"start":{"line":76,"column":8},"end":{"line":76,"column":27}},"33":{"start":{"line":78,"column":6},"end":{"line":80,"column":7}},"34":{"start":{"line":79,"column":8},"end":{"line":79,"column":30}}},"branchMap":{"1":{"line":26,"type":"if","locations":[{"start":{"line":26,"column":6},"end":{"line":26,"column":6}},{"start":{"line":26,"column":6},"end":{"line":26,"column":6}}]},"2":{"line":27,"type":"binary-expr","locations":[{"start":{"line":27,"column":22},"end":{"line":27,"column":33}},{"start":{"line":27,"column":37},"end":{"line":27,"column":58}},{"start":{"line":27,"column":62},"end":{"line":27,"column":86}},{"start":{"line":27,"column":90},"end":{"line":27,"column":110}},{"start":{"line":27,"column":114},"end":{"line":27,"column":133}}]},"3":{"line":28,"type":"binary-expr","locations":[{"start":{"line":28,"column":22},"end":{"line":28,"column":25}},{"start":{"line":28,"column":29},"end":{"line":28,"column":42}},{"start":{"line":28,"column":46},"end":{"line":28,"column":62}},{"start":{"line":28,"column":66},"end":{"line":28,"column":78}},{"start":{"line":28,"column":82},"end":{"line":28,"column":93}}]},"4":{"line":43,"type":"if","locations":[{"start":{"line":43,"column":6},"end":{"line":43,"column":6}},{"start":{"line":43,"column":6},"end":{"line":43,"column":6}}]},"5":{"line":72,"type":"if","locations":[{"start":{"line":72,"column":6},"end":{"line":72,"column":6}},{"start":{"line":72,"column":6},"end":{"line":72,"column":6}}]},"6":{"line":75,"type":"if","locations":[{"start":{"line":75,"column":6},"end":{"line":75,"column":6}},{"start":{"line":75,"column":6},"end":{"line":75,"column":6}}]},"7":{"line":78,"type":"if","locations":[{"start":{"line":78,"column":6},"end":{"line":78,"column":6}},{"start":{"line":78,"column":6},"end":{"line":78,"column":6}}]}},"code":["/*!","{","  \"name\": \"Workers from Blob URIs\",","  \"property\": \"blobworkers\",","  \"tags\": [\"performance\", \"workers\"],","  \"builderAliases\": [\"workers_blobworkers\"],","  \"notes\": [{","    \"name\": \"W3C Reference\",","    \"href\": \"https://www.w3.org/TR/workers/\"","  }],","  \"knownBugs\": [\"This test may output garbage to console.\"],","  \"authors\": [\"Jussi Kalliokoski\"],","  \"async\": true","}","!*/","/* DOC","Detects support for creating Web Workers from Blob URIs.","*/","define(['Modernizr', 'addTest'], function(Modernizr, addTest) {","  Modernizr.addAsyncTest(function() {","    try {","      // we're avoiding using Modernizr._domPrefixes as the prefix capitalization on","      // these guys are notoriously peculiar.","      var BlobBuilder = window.BlobBuilder;","      var URL         = window.URL;","      if (Modernizr._config.usePrefix) {","        BlobBuilder = BlobBuilder || window.MozBlobBuilder || window.WebKitBlobBuilder || window.MSBlobBuilder || window.OBlobBuilder;","        URL         = URL || window.MozURL || window.webkitURL || window.MSURL || window.OURL;","      }","      var data    = 'Modernizr',","        blob,","        bb,","        worker,","        url,","        timeout,","        scriptText = 'this.onmessage=function(e){postMessage(e.data)}';","","      try {","        blob = new Blob([scriptText], {type: 'text/javascript'});","      } catch (e) {","        // we'll fall back to the deprecated BlobBuilder","      }","      if (!blob) {","        bb = new BlobBuilder();","        bb.append(scriptText);","        blob = bb.getBlob();","      }","","      url = URL.createObjectURL(blob);","      worker = new Worker(url);","","      worker.onmessage = function(e) {","        addTest('blobworkers', data === e.data);","        cleanup();","      };","","      // Just in case...","      worker.onerror = fail;","      timeout = setTimeout(fail, 200);","","      worker.postMessage(data);","    } catch (e) {","      fail();","    }","","    function fail() {","      addTest('blobworkers', false);","      cleanup();","    }","","    function cleanup() {","      if (url) {","        URL.revokeObjectURL(url);","      }","      if (worker) {","        worker.terminate();","      }","      if (timeout) {","        clearTimeout(timeout);","      }","    }","  });","});",""],"l":{"19":2,"20":0,"21":0,"24":0,"25":0,"26":0,"27":0,"28":0,"30":0,"38":0,"39":0,"43":0,"44":0,"45":0,"46":0,"49":0,"50":0,"52":0,"53":0,"54":0,"58":0,"59":0,"61":0,"63":0,"66":1,"67":0,"68":0,"71":1,"72":0,"73":0,"75":0,"76":0,"78":0,"79":0}},"/home/travis/build/npmtest/node-npmtest-modernizr/node_modules/modernizr/feature-detects/workers/dataworkers.js":{"path":"/home/travis/build/npmtest/node-npmtest-modernizr/node_modules/modernizr/feature-detects/workers/dataworkers.js","s":{"1":2,"2":0,"3":0,"4":0,"5":0,"6":0,"7":0,"8":0,"9":0,"10":0,"11":0,"12":0,"13":0,"14":0,"15":0,"16":0},"b":{},"f":{"1":0,"2":0,"3":0,"4":0,"5":0,"6":0},"fnMap":{"1":{"name":"(anonymous_1)","line":19,"loc":{"start":{"line":19,"column":33},"end":{"line":19,"column":62}}},"2":{"name":"(anonymous_2)","line":20,"loc":{"start":{"line":20,"column":25},"end":{"line":20,"column":36}}},"3":{"name":"(anonymous_3)","line":25,"loc":{"start":{"line":25,"column":25},"end":{"line":25,"column":37}}},"4":{"name":"(anonymous_4)","line":32,"loc":{"start":{"line":32,"column":23},"end":{"line":32,"column":34}}},"5":{"name":"(anonymous_5)","line":37,"loc":{"start":{"line":37,"column":17},"end":{"line":37,"column":28}}},"6":{"name":"(anonymous_6)","line":43,"loc":{"start":{"line":43,"column":17},"end":{"line":43,"column":28}}}},"statementMap":{"1":{"start":{"line":19,"column":0},"end":{"line":48,"column":3}},"2":{"start":{"line":20,"column":2},"end":{"line":47,"column":5}},"3":{"start":{"line":21,"column":4},"end":{"line":46,"column":5}},"4":{"start":{"line":22,"column":6},"end":{"line":23,"column":125}},"5":{"start":{"line":25,"column":6},"end":{"line":29,"column":8}},"6":{"start":{"line":26,"column":8},"end":{"line":26,"column":27}},"7":{"start":{"line":27,"column":8},"end":{"line":27,"column":48}},"8":{"start":{"line":28,"column":8},"end":{"line":28,"column":22}},"9":{"start":{"line":32,"column":6},"end":{"line":35,"column":8}},"10":{"start":{"line":33,"column":8},"end":{"line":33,"column":38}},"11":{"start":{"line":34,"column":8},"end":{"line":34,"column":22}},"12":{"start":{"line":37,"column":6},"end":{"line":39,"column":14}},"13":{"start":{"line":38,"column":8},"end":{"line":38,"column":38}},"14":{"start":{"line":41,"column":6},"end":{"line":41,"column":31}},"15":{"start":{"line":43,"column":6},"end":{"line":45,"column":12}},"16":{"start":{"line":44,"column":8},"end":{"line":44,"column":38}}},"branchMap":{},"code":["/*!","{","  \"name\": \"Workers from Data URIs\",","  \"property\": \"dataworkers\",","  \"tags\": [\"performance\", \"workers\"],","  \"builderAliases\": [\"workers_dataworkers\"],","  \"notes\": [{","    \"name\": \"W3C Reference\",","    \"href\": \"https://www.w3.org/TR/workers/\"","  }],","  \"knownBugs\": [\"This test may output garbage to console.\"],","  \"authors\": [\"Jussi Kalliokoski\"],","  \"async\": true","}","!*/","/* DOC","Detects support for creating Web Workers from Data URIs.","*/","define(['Modernizr', 'addTest'], function(Modernizr, addTest) {","  Modernizr.addAsyncTest(function() {","    try {","      var data    = 'Modernizr',","        worker  = new Worker('data:text/javascript;base64,dGhpcy5vbm1lc3NhZ2U9ZnVuY3Rpb24oZSl7cG9zdE1lc3NhZ2UoZS5kYXRhKX0=');","","      worker.onmessage = function(e) {","        worker.terminate();","        addTest('dataworkers', data === e.data);","        worker = null;","      };","","      // Just in case...","      worker.onerror = function() {","        addTest('dataworkers', false);","        worker = null;","      };","","      setTimeout(function() {","        addTest('dataworkers', false);","      }, 200);","","      worker.postMessage(data);","    } catch (e) {","      setTimeout(function() {","        addTest('dataworkers', false);","      }, 0);","    }","  });","});",""],"l":{"19":2,"20":0,"21":0,"22":0,"25":0,"26":0,"27":0,"28":0,"32":0,"33":0,"34":0,"37":0,"38":0,"41":0,"43":0,"44":0}},"/home/travis/build/npmtest/node-npmtest-modernizr/node_modules/modernizr/feature-detects/workers/sharedworkers.js":{"path":"/home/travis/build/npmtest/node-npmtest-modernizr/node_modules/modernizr/feature-detects/workers/sharedworkers.js","s":{"1":2,"2":0},"b":{},"f":{"1":0},"fnMap":{"1":{"name":"(anonymous_1)","line":17,"loc":{"start":{"line":17,"column":22},"end":{"line":17,"column":42}}}},"statementMap":{"1":{"start":{"line":17,"column":0},"end":{"line":19,"column":3}},"2":{"start":{"line":18,"column":2},"end":{"line":18,"column":63}}},"branchMap":{},"code":["/*!","{","  \"name\": \"Shared Workers\",","  \"property\": \"sharedworkers\",","  \"caniuse\" : \"sharedworkers\",","  \"tags\": [\"performance\", \"workers\"],","  \"builderAliases\": [\"workers_sharedworkers\"],","  \"notes\": [{","    \"name\": \"W3C Reference\",","    \"href\": \"https://www.w3.org/TR/workers/\"","  }]","}","!*/","/* DOC","Detects support for the `SharedWorker` API from the Web Workers spec.","*/","define(['Modernizr'], function(Modernizr) {","  Modernizr.addTest('sharedworkers', 'SharedWorker' in window);","});",""],"l":{"17":2,"18":0}},"/home/travis/build/npmtest/node-npmtest-modernizr/node_modules/modernizr/feature-detects/workers/transferables.js":{"path":"/home/travis/build/npmtest/node-npmtest-modernizr/node_modules/modernizr/feature-detects/workers/transferables.js","s":{"1":2,"2":0,"3":0,"4":0,"5":0,"6":0,"7":0,"8":0,"9":0,"10":0,"11":0,"12":0,"13":0,"14":0,"15":1,"16":0,"17":0,"18":1,"19":0,"20":0,"21":0,"22":0,"23":0,"24":0},"b":{"1":[0,0,0,0],"2":[0,0],"3":[0,0],"4":[0,0],"5":[0,0]},"f":{"1":0,"2":0,"3":0,"4":0},"fnMap":{"1":{"name":"(anonymous_1)","line":17,"loc":{"start":{"line":17,"column":115},"end":{"line":17,"column":144}}},"2":{"name":"(anonymous_2)","line":18,"loc":{"start":{"line":18,"column":25},"end":{"line":18,"column":36}}},"3":{"name":"fail","line":55,"loc":{"start":{"line":55,"column":4},"end":{"line":55,"column":20}}},"4":{"name":"cleanup","line":60,"loc":{"start":{"line":60,"column":4},"end":{"line":60,"column":23}}}},"statementMap":{"1":{"start":{"line":17,"column":0},"end":{"line":72,"column":3}},"2":{"start":{"line":18,"column":2},"end":{"line":71,"column":5}},"3":{"start":{"line":19,"column":4},"end":{"line":22,"column":50}},"4":{"start":{"line":25,"column":4},"end":{"line":27,"column":5}},"5":{"start":{"line":26,"column":6},"end":{"line":26,"column":45}},"6":{"start":{"line":30,"column":4},"end":{"line":53,"column":5}},"7":{"start":{"line":31,"column":6},"end":{"line":36,"column":16}},"8":{"start":{"line":39,"column":6},"end":{"line":39,"column":28}},"9":{"start":{"line":40,"column":6},"end":{"line":40,"column":38}},"10":{"start":{"line":43,"column":6},"end":{"line":43,"column":34}},"11":{"start":{"line":46,"column":6},"end":{"line":46,"column":43}},"12":{"start":{"line":49,"column":6},"end":{"line":49,"column":56}},"13":{"start":{"line":50,"column":6},"end":{"line":50,"column":16}},"14":{"start":{"line":52,"column":6},"end":{"line":52,"column":13}},"15":{"start":{"line":55,"column":4},"end":{"line":58,"column":5}},"16":{"start":{"line":56,"column":6},"end":{"line":56,"column":38}},"17":{"start":{"line":57,"column":6},"end":{"line":57,"column":16}},"18":{"start":{"line":60,"column":4},"end":{"line":70,"column":5}},"19":{"start":{"line":61,"column":6},"end":{"line":63,"column":7}},"20":{"start":{"line":62,"column":8},"end":{"line":62,"column":33}},"21":{"start":{"line":64,"column":6},"end":{"line":66,"column":7}},"22":{"start":{"line":65,"column":8},"end":{"line":65,"column":27}},"23":{"start":{"line":67,"column":6},"end":{"line":69,"column":7}},"24":{"start":{"line":68,"column":8},"end":{"line":68,"column":30}}},"branchMap":{"1":{"line":19,"type":"binary-expr","locations":[{"start":{"line":19,"column":27},"end":{"line":19,"column":52}},{"start":{"line":20,"column":27},"end":{"line":20,"column":45}},{"start":{"line":21,"column":27},"end":{"line":21,"column":47}},{"start":{"line":22,"column":27},"end":{"line":22,"column":48}}]},"2":{"line":25,"type":"if","locations":[{"start":{"line":25,"column":4},"end":{"line":25,"column":4}},{"start":{"line":25,"column":4},"end":{"line":25,"column":4}}]},"3":{"line":61,"type":"if","locations":[{"start":{"line":61,"column":6},"end":{"line":61,"column":6}},{"start":{"line":61,"column":6},"end":{"line":61,"column":6}}]},"4":{"line":64,"type":"if","locations":[{"start":{"line":64,"column":6},"end":{"line":64,"column":6}},{"start":{"line":64,"column":6},"end":{"line":64,"column":6}}]},"5":{"line":67,"type":"if","locations":[{"start":{"line":67,"column":6},"end":{"line":67,"column":6}},{"start":{"line":67,"column":6},"end":{"line":67,"column":6}}]}},"code":["/*!","{","  \"name\": \"Transferables Objects\",","  \"property\": \"transferables\",","  \"tags\": [\"performance\", \"workers\"],","  \"builderAliases\": [\"transferables\"],","  \"notes\": [{","    \"name\": \"HTML5 Rocks article\",","    \"href\": \"http://updates.html5rocks.com/2011/12/Transferable-Objects-Lightning-Fast\"","  }],","  \"async\": true","}","!*/","/* DOC","Detects whether web workers can use `transferables` objects.","*/","define(['Modernizr', 'addTest', 'test/blob', 'test/url/bloburls', 'test/workers/webworkers', 'test/typed-arrays'], function(Modernizr, addTest) {","  Modernizr.addAsyncTest(function() {","    var prerequisites = !!(Modernizr.blobconstructor &&","                           Modernizr.bloburls &&","                           Modernizr.webworkers &&","                           Modernizr.typedarrays);","","    // Early exit","    if (!prerequisites) {","      return addTest('transferables', false);","    }","","    // Proper test if prerequisites are met","    try {","      var buffer,","        scriptText = 'var hello = \"world\"',","        blob = new Blob([scriptText], {type: 'text/javascript'}),","        url = URL.createObjectURL(blob),","        worker = new Worker(url),","        timeout;","","      // Just in case...","      worker.onerror = fail;","      timeout = setTimeout(fail, 200);","","      // Building an minimal array buffer to send to the worker","      buffer = new ArrayBuffer(1);","","      // Sending the buffer to the worker","      worker.postMessage(buffer, [buffer]);","","      // If length of buffer is now 0, transferables are working","      addTest('transferables', buffer.byteLength === 0);","      cleanup();","    } catch (e) {","      fail();","    }","","    function fail() {","      addTest('transferables', false);","      cleanup();","    }","","    function cleanup() {","      if (url) {","        URL.revokeObjectURL(url);","      }","      if (worker) {","        worker.terminate();","      }","      if (timeout) {","        clearTimeout(timeout);","      }","    }","  });","});",""],"l":{"17":2,"18":0,"19":0,"25":0,"26":0,"30":0,"31":0,"39":0,"40":0,"43":0,"46":0,"49":0,"50":0,"52":0,"55":1,"56":0,"57":0,"60":1,"61":0,"62":0,"64":0,"65":0,"67":0,"68":0}},"/home/travis/build/npmtest/node-npmtest-modernizr/node_modules/modernizr/feature-detects/workers/webworkers.js":{"path":"/home/travis/build/npmtest/node-npmtest-modernizr/node_modules/modernizr/feature-detects/workers/webworkers.js","s":{"1":2,"2":0},"b":{},"f":{"1":0},"fnMap":{"1":{"name":"(anonymous_1)","line":23,"loc":{"start":{"line":23,"column":22},"end":{"line":23,"column":42}}}},"statementMap":{"1":{"start":{"line":23,"column":0},"end":{"line":25,"column":3}},"2":{"start":{"line":24,"column":2},"end":{"line":24,"column":54}}},"branchMap":{},"code":["/*!","{","  \"name\": \"Web Workers\",","  \"property\": \"webworkers\",","  \"caniuse\" : \"webworkers\",","  \"tags\": [\"performance\", \"workers\"],","  \"notes\": [{","    \"name\": \"W3C Reference\",","    \"href\": \"https://www.w3.org/TR/workers/\"","  }, {","    \"name\": \"HTML5 Rocks article\",","    \"href\": \"http://www.html5rocks.com/en/tutorials/workers/basics/\"","  }, {","    \"name\": \"MDN documentation\",","    \"href\": \"https://developer.mozilla.org/en-US/docs/Web/Guide/Performance/Using_web_workers\"","  }],","  \"polyfills\": [\"fakeworker\", \"html5shims\"]","}","!*/","/* DOC","Detects support for the basic `Worker` API from the Web Workers spec. Web Workers provide a simple means for web content to run scripts in background threads.","*/","define(['Modernizr'], function(Modernizr) {","  Modernizr.addTest('webworkers', 'Worker' in window);","});",""],"l":{"23":2,"24":0}}}